2026-01-11 00:06:38 [info] : Lấy 3 featured films
2026-01-11 00:06:38 [info] : Dịch vụ: Lấy 3 featured films
2026-01-11 00:06:38 [info] : Lấy films theo Loai: CARTOON
2026-01-11 00:06:38 [info] : Dịch vụ: Lấy films theo Loai: CARTOON
2026-01-11 00:06:38 [info] : Lấy films theo Loai: SERIES
2026-01-11 00:06:38 [info] : Dịch vụ: Lấy films theo Loai: SERIES
2026-01-11 00:06:38 [info] : Lấy 6 featured films
2026-01-11 00:06:38 [info] : Dịch vụ: Lấy 6 featured films
2026-01-11 00:06:38 [info] : Lấy films theo Loai: MOVIE
2026-01-11 00:06:38 [info] : Dịch vụ: Lấy films theo Loai: MOVIE
2026-01-11 00:06:38 [info] : Home page - Hero: 3, Movies: 10, Series: 7, Cartoons: 7, Top: 6
2026-01-11 00:06:48 [info] : Lấy film với MaPhim: 25
2026-01-11 00:06:48 [info] : Dịch vụ: Lấy film với MaPhim: 25
2026-01-11 00:06:48 [info] : Lấy lịch chiếu theo MaPhim: 25
2026-01-11 00:06:48 [info] : Dịch vụ: Lấy lịch chiếu theo MaPhim: 25
2026-01-11 00:08:04 [error] : Error: Field 'Email' doesn't have a default value
    at PromisePool.query (E:\webAPI\BTLAPI\node_modules\mysql2\lib\promise\pool.js:36:22)
    at Object.createUser (file:///E:/webAPI/BTLAPI/Sources/repositories/Auth_repo.js:16:31)
    at process.processTicksAndRejections (node:internal/process/task_queues:105:5)
    at async Object.register (file:///E:/webAPI/BTLAPI/Sources/Services/auth/Auth_services.js:14:12)
    at async register (file:///E:/webAPI/BTLAPI/Sources/Controllers/Auth_Controller_View.js:94:18)
2026-01-11 00:10:04 [info] : Server đang chạy tại http://localhost:3000
2026-01-11 00:10:08 [info] : Server đang chạy tại http://localhost:3000
2026-01-11 00:10:14 [info] : Server đang chạy tại http://localhost:3000
2026-01-11 00:10:16 [error] : Error: Column 'Email' cannot be null
    at PromisePool.query (E:\webAPI\BTLAPI\node_modules\mysql2\lib\promise\pool.js:36:22)
    at Object.createUser (file:///E:/webAPI/BTLAPI/Sources/repositories/Auth_repo.js:18:31)
    at process.processTicksAndRejections (node:internal/process/task_queues:105:5)
    at async Object.register (file:///E:/webAPI/BTLAPI/Sources/Services/auth/Auth_services.js:21:12)
    at async register (file:///E:/webAPI/BTLAPI/Sources/Controllers/Auth_Controller_View.js:94:18)
2026-01-11 00:10:20 [info] : Server đang chạy tại http://localhost:3000
2026-01-11 00:10:30 [error] : ❌ MySQL connection failed
2026-01-11 00:10:33 [info] : Server đang chạy tại http://localhost:3000
2026-01-11 00:10:34 [info] : ✅ MySQL connected successfully to TiDB Cloud
2026-01-11 00:10:39 [info] : Server đang chạy tại http://localhost:3000
2026-01-11 00:10:46 [info] : Server đang chạy tại http://localhost:3000
2026-01-11 00:10:46 [info] : ✅ MySQL connected successfully to TiDB Cloud
2026-01-11 00:10:51 [info] : Server đang chạy tại http://localhost:3000
2026-01-11 00:10:52 [info] : ✅ MySQL connected successfully to TiDB Cloud
2026-01-11 00:11:06 [info] : Server đang chạy tại http://localhost:3000
2026-01-11 00:11:06 [info] : ✅ MySQL connected successfully to TiDB Cloud
2026-01-11 00:12:05 [info] : Lấy 3 featured films
2026-01-11 00:12:05 [info] : Dịch vụ: Lấy 3 featured films
2026-01-11 00:12:06 [info] : Lấy films theo Loai: CARTOON
2026-01-11 00:12:06 [info] : Dịch vụ: Lấy films theo Loai: CARTOON
2026-01-11 00:12:06 [info] : Lấy 6 featured films
2026-01-11 00:12:06 [info] : Dịch vụ: Lấy 6 featured films
2026-01-11 00:12:06 [info] : Lấy films theo Loai: SERIES
2026-01-11 00:12:06 [info] : Dịch vụ: Lấy films theo Loai: SERIES
2026-01-11 00:12:06 [info] : Lấy films theo Loai: MOVIE
2026-01-11 00:12:06 [info] : Dịch vụ: Lấy films theo Loai: MOVIE
2026-01-11 00:12:06 [info] : Home page - Hero: 3, Movies: 10, Series: 7, Cartoons: 7, Top: 6
2026-01-11 00:56:46 [info] : Lấy 3 featured films
2026-01-11 00:56:46 [info] : Dịch vụ: Lấy 3 featured films
2026-01-11 00:56:46 [info] : Lấy films theo Loai: MOVIE
2026-01-11 00:56:46 [info] : Dịch vụ: Lấy films theo Loai: MOVIE
2026-01-11 00:56:46 [info] : Lấy films theo Loai: CARTOON
2026-01-11 00:56:46 [info] : Dịch vụ: Lấy films theo Loai: CARTOON
2026-01-11 00:56:46 [info] : Lấy 6 featured films
2026-01-11 00:56:46 [info] : Dịch vụ: Lấy 6 featured films
2026-01-11 00:56:46 [info] : Lấy films theo Loai: SERIES
2026-01-11 00:56:46 [info] : Dịch vụ: Lấy films theo Loai: SERIES
2026-01-11 00:56:46 [info] : Home page - Hero: 3, Movies: 10, Series: 7, Cartoons: 7, Top: 6
2026-01-11 00:56:58 [info] : Lấy tất cả vé của khách hàng 30001
2026-01-11 00:56:58 [info] : Dịch vụ: Lấy tất cả vé của khách hàng 30001
2026-01-11 00:57:02 [info] : Lấy 3 featured films
2026-01-11 00:57:02 [info] : Dịch vụ: Lấy 3 featured films
2026-01-11 00:57:02 [info] : Lấy films theo Loai: MOVIE
2026-01-11 00:57:02 [info] : Dịch vụ: Lấy films theo Loai: MOVIE
2026-01-11 00:57:02 [info] : Lấy 6 featured films
2026-01-11 00:57:02 [info] : Dịch vụ: Lấy 6 featured films
2026-01-11 00:57:02 [info] : Lấy films theo Loai: CARTOON
2026-01-11 00:57:02 [info] : Dịch vụ: Lấy films theo Loai: CARTOON
2026-01-11 00:57:02 [info] : Lấy films theo Loai: SERIES
2026-01-11 00:57:02 [info] : Dịch vụ: Lấy films theo Loai: SERIES
2026-01-11 00:57:02 [info] : Home page - Hero: 3, Movies: 10, Series: 7, Cartoons: 7, Top: 6
2026-01-11 00:57:10 [info] : Lấy film với MaPhim: 12
2026-01-11 00:57:10 [info] : Dịch vụ: Lấy film với MaPhim: 12
2026-01-11 00:57:10 [info] : Lấy lịch chiếu theo MaPhim: 12
2026-01-11 00:57:10 [info] : Dịch vụ: Lấy lịch chiếu theo MaPhim: 12
2026-01-11 01:05:44 [info] : Lấy films theo Loai: SERIES
2026-01-11 01:05:44 [info] : Dịch vụ: Lấy films theo Loai: SERIES
2026-01-11 01:05:44 [info] : Lấy 3 featured films
2026-01-11 01:05:44 [info] : Dịch vụ: Lấy 3 featured films
2026-01-11 01:05:44 [info] : Lấy 6 featured films
2026-01-11 01:05:44 [info] : Dịch vụ: Lấy 6 featured films
2026-01-11 01:05:44 [info] : Lấy films theo Loai: MOVIE
2026-01-11 01:05:44 [info] : Dịch vụ: Lấy films theo Loai: MOVIE
2026-01-11 01:05:44 [info] : Lấy films theo Loai: CARTOON
2026-01-11 01:05:44 [info] : Dịch vụ: Lấy films theo Loai: CARTOON
2026-01-11 01:05:44 [info] : Home page - Hero: 3, Movies: 10, Series: 7, Cartoons: 7, Top: 6
2026-01-11 01:06:21 [info] : Lấy 3 featured films
2026-01-11 01:06:21 [info] : Dịch vụ: Lấy 3 featured films
2026-01-11 01:06:21 [info] : Lấy films theo Loai: SERIES
2026-01-11 01:06:21 [info] : Dịch vụ: Lấy films theo Loai: SERIES
2026-01-11 01:06:21 [info] : Lấy 6 featured films
2026-01-11 01:06:21 [info] : Dịch vụ: Lấy 6 featured films
2026-01-11 01:06:21 [info] : Lấy films theo Loai: MOVIE
2026-01-11 01:06:21 [info] : Dịch vụ: Lấy films theo Loai: MOVIE
2026-01-11 01:06:21 [info] : Lấy films theo Loai: CARTOON
2026-01-11 01:06:21 [info] : Dịch vụ: Lấy films theo Loai: CARTOON
2026-01-11 01:06:21 [info] : Home page - Hero: 3, Movies: 10, Series: 7, Cartoons: 7, Top: 6
2026-01-11 01:07:31 [info] : Lấy films theo Loai: CARTOON
2026-01-11 01:07:31 [info] : Dịch vụ: Lấy films theo Loai: CARTOON
2026-01-11 01:07:31 [info] : Lấy 6 featured films
2026-01-11 01:07:31 [info] : Dịch vụ: Lấy 6 featured films
2026-01-11 01:07:31 [info] : Lấy 3 featured films
2026-01-11 01:07:31 [info] : Dịch vụ: Lấy 3 featured films
2026-01-11 01:07:31 [info] : Lấy films theo Loai: MOVIE
2026-01-11 01:07:31 [info] : Dịch vụ: Lấy films theo Loai: MOVIE
2026-01-11 01:07:31 [info] : Lấy films theo Loai: SERIES
2026-01-11 01:07:31 [info] : Dịch vụ: Lấy films theo Loai: SERIES
2026-01-11 01:07:31 [info] : Home page - Hero: 3, Movies: 10, Series: 7, Cartoons: 7, Top: 6
2026-01-11 01:08:39 [info] : Server đang chạy tại http://localhost:3000
2026-01-11 01:08:39 [info] : ✅ MySQL connected successfully to TiDB Cloud
2026-01-11 01:08:44 [info] : Server đang chạy tại http://localhost:3000
2026-01-11 01:08:45 [info] : ✅ MySQL connected successfully to TiDB Cloud
2026-01-11 01:08:50 [info] : Server đang chạy tại http://localhost:3000
2026-01-11 01:08:50 [info] : ✅ MySQL connected successfully to TiDB Cloud
2026-01-11 01:17:12 [info] : Server đang chạy tại http://localhost:3000
2026-01-11 01:17:13 [info] : ✅ MySQL connected successfully to TiDB Cloud
2026-01-11 01:17:15 [info] : Server đang chạy tại http://localhost:3000
2026-01-11 01:17:15 [info] : ✅ MySQL connected successfully to TiDB Cloud
2026-01-11 01:17:22 [info] : Lấy 3 featured films
2026-01-11 01:17:22 [info] : Dịch vụ: Lấy 3 featured films
2026-01-11 01:17:22 [info] : Lấy films theo Loai: SERIES
2026-01-11 01:17:22 [info] : Dịch vụ: Lấy films theo Loai: SERIES
2026-01-11 01:17:22 [info] : Lấy 6 featured films
2026-01-11 01:17:22 [info] : Dịch vụ: Lấy 6 featured films
2026-01-11 01:17:22 [info] : Lấy films theo Loai: CARTOON
2026-01-11 01:17:22 [info] : Dịch vụ: Lấy films theo Loai: CARTOON
2026-01-11 01:17:22 [info] : Lấy films theo Loai: MOVIE
2026-01-11 01:17:22 [info] : Dịch vụ: Lấy films theo Loai: MOVIE
2026-01-11 01:17:22 [info] : Home page - Hero: 3, Movies: 10, Series: 7, Cartoons: 7, Top: 6
2026-01-11 01:17:26 [info] : Lấy film với MaPhim: 28
2026-01-11 01:17:26 [info] : Dịch vụ: Lấy film với MaPhim: 28
2026-01-11 01:17:27 [info] : Lấy lịch chiếu theo MaPhim: 28
2026-01-11 01:17:27 [info] : Dịch vụ: Lấy lịch chiếu theo MaPhim: 28
2026-01-11 01:17:34 [info] : Lấy film với MaPhim: 27
2026-01-11 01:17:34 [info] : Dịch vụ: Lấy film với MaPhim: 27
2026-01-11 01:17:34 [info] : Lấy lịch chiếu theo MaPhim: 27
2026-01-11 01:17:34 [info] : Dịch vụ: Lấy lịch chiếu theo MaPhim: 27
2026-01-11 01:17:38 [info] : Lấy film với MaPhim: 26
2026-01-11 01:17:38 [info] : Dịch vụ: Lấy film với MaPhim: 26
2026-01-11 01:17:38 [info] : Lấy lịch chiếu theo MaPhim: 26
2026-01-11 01:17:38 [info] : Dịch vụ: Lấy lịch chiếu theo MaPhim: 26
2026-01-11 01:17:46 [info] : Lấy 3 featured films
2026-01-11 01:17:46 [info] : Dịch vụ: Lấy 3 featured films
2026-01-11 01:17:46 [info] : Lấy films theo Loai: CARTOON
2026-01-11 01:17:46 [info] : Dịch vụ: Lấy films theo Loai: CARTOON
2026-01-11 01:17:46 [info] : Lấy films theo Loai: MOVIE
2026-01-11 01:17:46 [info] : Dịch vụ: Lấy films theo Loai: MOVIE
2026-01-11 01:17:46 [info] : Lấy films theo Loai: SERIES
2026-01-11 01:17:46 [info] : Dịch vụ: Lấy films theo Loai: SERIES
2026-01-11 01:17:46 [info] : Lấy 6 featured films
2026-01-11 01:17:46 [info] : Dịch vụ: Lấy 6 featured films
2026-01-11 01:17:46 [info] : Home page - Hero: 3, Movies: 10, Series: 7, Cartoons: 7, Top: 6
2026-01-11 01:17:54 [info] : Lấy film với MaPhim: 26
2026-01-11 01:17:54 [info] : Dịch vụ: Lấy film với MaPhim: 26
2026-01-11 01:17:55 [info] : Lấy lịch chiếu theo MaPhim: 26
2026-01-11 01:17:55 [info] : Dịch vụ: Lấy lịch chiếu theo MaPhim: 26
2026-01-11 01:18:02 [info] : Lấy film với MaPhim: 25
2026-01-11 01:18:02 [info] : Dịch vụ: Lấy film với MaPhim: 25
2026-01-11 01:18:02 [info] : Lấy lịch chiếu theo MaPhim: 25
2026-01-11 01:18:02 [info] : Dịch vụ: Lấy lịch chiếu theo MaPhim: 25
2026-01-11 01:18:04 [info] : Lấy film với MaPhim: 23
2026-01-11 01:18:04 [info] : Dịch vụ: Lấy film với MaPhim: 23
2026-01-11 01:18:04 [info] : Lấy lịch chiếu theo MaPhim: 23
2026-01-11 01:18:04 [info] : Dịch vụ: Lấy lịch chiếu theo MaPhim: 23
2026-01-11 01:18:06 [info] : Lấy lịch chiếu với MaLich: 29
2026-01-11 01:18:06 [info] : Dịch vụ: Lấy lịch chiếu với MaLich: 29
2026-01-11 01:18:06 [info] : Lấy ghế đã đặt cho lịch chiếu 29
2026-01-11 01:18:06 [info] : Dịch vụ: Lấy ghế đã đặt cho lịch chiếu 29
2026-01-11 01:18:58 [info] : Lấy film với MaPhim: 25
2026-01-11 01:18:58 [info] : Dịch vụ: Lấy film với MaPhim: 25
2026-01-11 01:18:58 [info] : Lấy lịch chiếu theo MaPhim: 25
2026-01-11 01:18:58 [info] : Dịch vụ: Lấy lịch chiếu theo MaPhim: 25
2026-01-11 01:19:19 [info] : Server đang chạy tại http://localhost:3000
2026-01-11 01:19:20 [info] : ✅ MySQL connected successfully to TiDB Cloud
2026-01-11 01:19:33 [info] : Server đang chạy tại http://localhost:3000
2026-01-11 01:19:34 [info] : ✅ MySQL connected successfully to TiDB Cloud
2026-01-11 01:19:55 [info] : Server đang chạy tại http://localhost:3000
2026-01-11 01:19:55 [info] : ✅ MySQL connected successfully to TiDB Cloud
2026-01-11 01:28:59 [info] : Lấy 6 featured films
2026-01-11 01:28:59 [info] : Dịch vụ: Lấy 6 featured films
2026-01-11 01:28:59 [info] : Lấy 3 featured films
2026-01-11 01:28:59 [info] : Dịch vụ: Lấy 3 featured films
2026-01-11 01:28:59 [info] : Lấy films theo Loai: CARTOON
2026-01-11 01:28:59 [info] : Dịch vụ: Lấy films theo Loai: CARTOON
2026-01-11 01:28:59 [info] : Lấy films theo Loai: SERIES
2026-01-11 01:28:59 [info] : Dịch vụ: Lấy films theo Loai: SERIES
2026-01-11 01:28:59 [info] : Lấy films theo Loai: MOVIE
2026-01-11 01:28:59 [info] : Dịch vụ: Lấy films theo Loai: MOVIE
2026-01-11 01:28:59 [info] : Home page - Hero: 3, Movies: 10, Series: 7, Cartoons: 7, Top: 6
2026-01-11 01:29:04 [info] : Lấy film với MaPhim: 28
2026-01-11 01:29:04 [info] : Dịch vụ: Lấy film với MaPhim: 28
2026-01-11 01:29:04 [info] : Lấy lịch chiếu theo MaPhim: 28
2026-01-11 01:29:04 [info] : Dịch vụ: Lấy lịch chiếu theo MaPhim: 28
2026-01-11 01:29:06 [info] : Lấy film với MaPhim: 28
2026-01-11 01:29:06 [info] : Dịch vụ: Lấy film với MaPhim: 28
2026-01-11 01:29:06 [info] : Lấy lịch chiếu theo MaPhim: 28
2026-01-11 01:29:06 [info] : Dịch vụ: Lấy lịch chiếu theo MaPhim: 28
2026-01-11 01:29:08 [info] : Lấy film với MaPhim: 26
2026-01-11 01:29:08 [info] : Dịch vụ: Lấy film với MaPhim: 26
2026-01-11 01:29:08 [info] : Lấy lịch chiếu theo MaPhim: 26
2026-01-11 01:29:08 [info] : Dịch vụ: Lấy lịch chiếu theo MaPhim: 26
2026-01-11 01:29:11 [info] : Lấy film với MaPhim: 25
2026-01-11 01:29:11 [info] : Dịch vụ: Lấy film với MaPhim: 25
2026-01-11 01:29:11 [info] : Lấy lịch chiếu theo MaPhim: 25
2026-01-11 01:29:11 [info] : Dịch vụ: Lấy lịch chiếu theo MaPhim: 25
2026-01-11 01:29:14 [info] : Lấy film với MaPhim: 24
2026-01-11 01:29:14 [info] : Dịch vụ: Lấy film với MaPhim: 24
2026-01-11 01:29:14 [info] : Lấy lịch chiếu theo MaPhim: 24
2026-01-11 01:29:14 [info] : Dịch vụ: Lấy lịch chiếu theo MaPhim: 24
2026-01-11 01:29:15 [info] : Lấy lịch chiếu với MaLich: 30
2026-01-11 01:29:15 [info] : Dịch vụ: Lấy lịch chiếu với MaLich: 30
2026-01-11 01:29:15 [info] : Lấy lịch chiếu theo MaPhim: 24
2026-01-11 01:29:15 [info] : Dịch vụ: Lấy lịch chiếu theo MaPhim: 24
2026-01-11 01:29:15 [info] : Lấy ghế đã đặt cho lịch chiếu 30
2026-01-11 01:29:15 [info] : Dịch vụ: Lấy ghế đã đặt cho lịch chiếu 30
2026-01-11 01:29:25 [info] : Lấy lịch chiếu với MaLich: 30
2026-01-11 01:29:25 [info] : Dịch vụ: Lấy lịch chiếu với MaLich: 30
2026-01-11 01:29:25 [info] : Lấy lịch chiếu theo MaPhim: 24
2026-01-11 01:29:25 [info] : Dịch vụ: Lấy lịch chiếu theo MaPhim: 24
2026-01-11 01:29:25 [info] : Lấy ghế đã đặt cho lịch chiếu 30
2026-01-11 01:29:25 [info] : Dịch vụ: Lấy ghế đã đặt cho lịch chiếu 30
2026-01-11 01:37:02 [info] : Lấy lịch chiếu với MaLich: 30
2026-01-11 01:37:02 [info] : Dịch vụ: Lấy lịch chiếu với MaLich: 30
2026-01-11 01:37:02 [info] : Lấy lịch chiếu theo MaPhim: 24
2026-01-11 01:37:02 [info] : Dịch vụ: Lấy lịch chiếu theo MaPhim: 24
2026-01-11 01:37:02 [info] : Lấy ghế đã đặt cho lịch chiếu 30
2026-01-11 01:37:02 [info] : Dịch vụ: Lấy ghế đã đặt cho lịch chiếu 30
2026-01-11 01:39:00 [info] : Lấy lịch chiếu với MaLich: 30
2026-01-11 01:39:00 [info] : Dịch vụ: Lấy lịch chiếu với MaLich: 30
2026-01-11 01:39:00 [info] : Lấy lịch chiếu theo MaPhim: 24
2026-01-11 01:39:00 [info] : Dịch vụ: Lấy lịch chiếu theo MaPhim: 24
2026-01-11 01:39:00 [info] : Lấy ghế đã đặt cho lịch chiếu 30
2026-01-11 01:39:00 [info] : Dịch vụ: Lấy ghế đã đặt cho lịch chiếu 30
2026-01-11 01:42:25 [info] : Lấy lịch chiếu với MaLich: 30
2026-01-11 01:42:25 [info] : Dịch vụ: Lấy lịch chiếu với MaLich: 30
2026-01-11 01:42:25 [info] : Lấy lịch chiếu theo MaPhim: 24
2026-01-11 01:42:25 [info] : Dịch vụ: Lấy lịch chiếu theo MaPhim: 24
2026-01-11 01:42:25 [info] : Lấy ghế đã đặt cho lịch chiếu 30
2026-01-11 01:42:25 [info] : Dịch vụ: Lấy ghế đã đặt cho lịch chiếu 30
2026-01-11 01:48:22 [info] : Lấy films theo Loai: MOVIE
2026-01-11 01:48:22 [info] : Dịch vụ: Lấy films theo Loai: MOVIE
2026-01-11 01:48:22 [info] : Lấy 6 featured films
2026-01-11 01:48:22 [info] : Dịch vụ: Lấy 6 featured films
2026-01-11 01:48:22 [info] : Lấy 3 featured films
2026-01-11 01:48:22 [info] : Dịch vụ: Lấy 3 featured films
2026-01-11 01:48:22 [info] : Lấy films theo Loai: CARTOON
2026-01-11 01:48:22 [info] : Dịch vụ: Lấy films theo Loai: CARTOON
2026-01-11 01:48:22 [info] : Lấy films theo Loai: SERIES
2026-01-11 01:48:22 [info] : Dịch vụ: Lấy films theo Loai: SERIES
2026-01-11 01:48:22 [info] : Home page - Hero: 3, Movies: 10, Series: 7, Cartoons: 7, Top: 6
2026-01-11 01:50:59 [info] : Server đang chạy tại http://localhost:3000
2026-01-11 01:51:00 [info] : ✅ MySQL connected successfully to TiDB Cloud
2026-01-11 01:51:57 [info] : Server đang chạy tại http://localhost:3000
2026-01-11 01:51:57 [info] : ✅ MySQL connected successfully to TiDB Cloud
2026-01-11 01:52:01 [info] : Server đang chạy tại http://localhost:3000
2026-01-11 01:52:01 [info] : ✅ MySQL connected successfully to TiDB Cloud
2026-01-11 01:52:07 [info] : Server đang chạy tại http://localhost:3000
2026-01-11 01:52:08 [info] : ✅ MySQL connected successfully to TiDB Cloud
2026-01-11 01:53:23 [info] : Server đang chạy tại http://localhost:3000
2026-01-11 01:53:23 [info] : ✅ MySQL connected successfully to TiDB Cloud
2026-01-11 01:53:47 [info] : Lấy film với MaPhim: 23
2026-01-11 01:53:47 [info] : Dịch vụ: Lấy film với MaPhim: 23
2026-01-11 01:53:47 [info] : Lấy lịch chiếu theo MaPhim: 23
2026-01-11 01:53:47 [info] : Dịch vụ: Lấy lịch chiếu theo MaPhim: 23
2026-01-11 01:54:04 [info] : Lấy film với MaPhim: 25
2026-01-11 01:54:04 [info] : Dịch vụ: Lấy film với MaPhim: 25
2026-01-11 01:54:04 [info] : Lấy lịch chiếu theo MaPhim: 25
2026-01-11 01:54:04 [info] : Dịch vụ: Lấy lịch chiếu theo MaPhim: 25
2026-01-11 01:54:27 [info] : Server đang chạy tại http://localhost:3000
2026-01-11 01:54:28 [info] : ✅ MySQL connected successfully to TiDB Cloud
2026-01-11 01:54:53 [info] : Server đang chạy tại http://localhost:3000
2026-01-11 01:54:53 [info] : ✅ MySQL connected successfully to TiDB Cloud
2026-01-11 01:54:58 [info] : Server đang chạy tại http://localhost:3000
2026-01-11 01:54:58 [info] : ✅ MySQL connected successfully to TiDB Cloud
2026-01-11 01:55:03 [info] : Server đang chạy tại http://localhost:3000
2026-01-11 01:55:03 [info] : ✅ MySQL connected successfully to TiDB Cloud
2026-01-11 01:55:36 [info] : Server đang chạy tại http://localhost:3000
2026-01-11 01:55:36 [info] : ✅ MySQL connected successfully to TiDB Cloud
2026-01-11 01:55:48 [info] : Lấy 3 featured films
2026-01-11 01:55:48 [info] : Dịch vụ: Lấy 3 featured films
2026-01-11 01:55:48 [info] : Lấy films theo Loai: MOVIE
2026-01-11 01:55:48 [info] : Dịch vụ: Lấy films theo Loai: MOVIE
2026-01-11 01:55:48 [info] : Lấy 6 featured films
2026-01-11 01:55:48 [info] : Dịch vụ: Lấy 6 featured films
2026-01-11 01:55:48 [info] : Lấy films theo Loai: CARTOON
2026-01-11 01:55:48 [info] : Dịch vụ: Lấy films theo Loai: CARTOON
2026-01-11 01:55:48 [info] : Lấy films theo Loai: SERIES
2026-01-11 01:55:48 [info] : Dịch vụ: Lấy films theo Loai: SERIES
2026-01-11 01:55:48 [info] : Home page - Hero: 3, Movies: 10, Series: 7, Cartoons: 7, Top: 6
2026-01-11 01:56:06 [info] : Lấy film với MaPhim: 27
2026-01-11 01:56:06 [info] : Dịch vụ: Lấy film với MaPhim: 27
2026-01-11 01:56:06 [info] : Lấy lịch chiếu theo MaPhim: 27
2026-01-11 01:56:06 [info] : Dịch vụ: Lấy lịch chiếu theo MaPhim: 27
2026-01-11 02:14:35 [info] : Server đang chạy tại http://localhost:3000
2026-01-11 02:14:36 [info] : ✅ MySQL connected successfully to TiDB Cloud
2026-01-11 02:15:03 [info] : Server đang chạy tại http://localhost:3000
2026-01-11 02:15:03 [info] : ✅ MySQL connected successfully to TiDB Cloud
2026-01-11 02:20:48 [info] : Server đang chạy tại http://localhost:3000
2026-01-11 02:20:50 [info] : ✅ MySQL connected successfully to TiDB Cloud
2026-01-11 02:20:53 [info] : Server đang chạy tại http://localhost:3000
2026-01-11 02:20:53 [info] : ✅ MySQL connected successfully to TiDB Cloud
2026-01-11 02:21:02 [info] : Server đang chạy tại http://localhost:3000
2026-01-11 02:21:02 [info] : ✅ MySQL connected successfully to TiDB Cloud
2026-01-11 02:21:04 [info] : Server đang chạy tại http://localhost:3000
2026-01-11 02:21:04 [info] : ✅ MySQL connected successfully to TiDB Cloud
2026-01-11 02:21:17 [info] : Lấy 3 featured films
2026-01-11 02:21:17 [info] : Dịch vụ: Lấy 3 featured films
2026-01-11 02:21:17 [info] : Lấy films theo Loai: SERIES
2026-01-11 02:21:17 [info] : Dịch vụ: Lấy films theo Loai: SERIES
2026-01-11 02:21:17 [info] : Lấy films theo Loai: MOVIE
2026-01-11 02:21:17 [info] : Dịch vụ: Lấy films theo Loai: MOVIE
2026-01-11 02:21:17 [info] : Lấy 6 featured films
2026-01-11 02:21:17 [info] : Dịch vụ: Lấy 6 featured films
2026-01-11 02:21:17 [info] : Lấy films theo Loai: CARTOON
2026-01-11 02:21:17 [info] : Dịch vụ: Lấy films theo Loai: CARTOON
2026-01-11 02:21:17 [info] : Home page - Hero: 3, Movies: 10, Series: 7, Cartoons: 7, Top: 6
2026-01-11 02:24:27 [info] : Server đang chạy tại http://localhost:3000
2026-01-11 02:24:27 [info] : ✅ MySQL connected successfully to TiDB Cloud
2026-01-11 02:24:34 [info] : Server đang chạy tại http://localhost:3000
2026-01-11 02:24:34 [info] : ✅ MySQL connected successfully to TiDB Cloud
2026-01-11 02:24:42 [info] : Server đang chạy tại http://localhost:3000
2026-01-11 02:24:42 [info] : ✅ MySQL connected successfully to TiDB Cloud
2026-01-11 02:24:43 [info] : Server đang chạy tại http://localhost:3000
2026-01-11 02:24:44 [info] : ✅ MySQL connected successfully to TiDB Cloud
2026-01-11 02:24:47 [info] : Server đang chạy tại http://localhost:3000
2026-01-11 02:24:47 [info] : ✅ MySQL connected successfully to TiDB Cloud
2026-01-11 02:24:58 [info] : Server đang chạy tại http://localhost:3000
2026-01-11 02:24:58 [info] : ✅ MySQL connected successfully to TiDB Cloud
2026-01-11 02:25:11 [info] : Server đang chạy tại http://localhost:3000
2026-01-11 02:25:12 [info] : ✅ MySQL connected successfully to TiDB Cloud
2026-01-11 02:29:16 [info] : Lấy 3 featured films
2026-01-11 02:29:16 [info] : Dịch vụ: Lấy 3 featured films
2026-01-11 02:29:16 [info] : Lấy films theo Loai: CARTOON
2026-01-11 02:29:16 [info] : Dịch vụ: Lấy films theo Loai: CARTOON
2026-01-11 02:29:16 [info] : Lấy films theo Loai: SERIES
2026-01-11 02:29:16 [info] : Dịch vụ: Lấy films theo Loai: SERIES
2026-01-11 02:29:16 [info] : Lấy 6 featured films
2026-01-11 02:29:16 [info] : Dịch vụ: Lấy 6 featured films
2026-01-11 02:29:16 [info] : Lấy films theo Loai: MOVIE
2026-01-11 02:29:16 [info] : Dịch vụ: Lấy films theo Loai: MOVIE
2026-01-11 02:29:16 [info] : Home page - Hero: 3, Movies: 10, Series: 7, Cartoons: 7, Top: 6
2026-01-11 02:29:21 [info] : Lấy film với MaPhim: 27
2026-01-11 02:29:21 [info] : Dịch vụ: Lấy film với MaPhim: 27
2026-01-11 02:29:21 [info] : Lấy lịch chiếu theo MaPhim: 27
2026-01-11 02:29:21 [info] : Dịch vụ: Lấy lịch chiếu theo MaPhim: 27
2026-01-11 02:29:27 [info] : Lấy lịch chiếu với MaLich: 205
2026-01-11 02:29:27 [info] : Dịch vụ: Lấy lịch chiếu với MaLich: 205
2026-01-11 02:29:27 [info] : Lấy lịch chiếu theo MaPhim: 27
2026-01-11 02:29:27 [info] : Dịch vụ: Lấy lịch chiếu theo MaPhim: 27
2026-01-11 02:29:27 [info] : Lấy ghế đã đặt cho lịch chiếu 205
2026-01-11 02:29:27 [info] : Dịch vụ: Lấy ghế đã đặt cho lịch chiếu 205
2026-01-11 02:29:29 [info] : Lấy lịch chiếu với MaLich: 203
2026-01-11 02:29:29 [info] : Dịch vụ: Lấy lịch chiếu với MaLich: 203
2026-01-11 02:29:30 [info] : Lấy lịch chiếu theo MaPhim: 27
2026-01-11 02:29:30 [info] : Dịch vụ: Lấy lịch chiếu theo MaPhim: 27
2026-01-11 02:29:30 [info] : Lấy ghế đã đặt cho lịch chiếu 203
2026-01-11 02:29:30 [info] : Dịch vụ: Lấy ghế đã đặt cho lịch chiếu 203
2026-01-11 02:29:32 [info] : Lấy lịch chiếu với MaLich: 201
2026-01-11 02:29:32 [info] : Dịch vụ: Lấy lịch chiếu với MaLich: 201
2026-01-11 02:29:32 [info] : Lấy lịch chiếu theo MaPhim: 27
2026-01-11 02:29:32 [info] : Dịch vụ: Lấy lịch chiếu theo MaPhim: 27
2026-01-11 02:29:32 [info] : Lấy ghế đã đặt cho lịch chiếu 201
2026-01-11 02:29:32 [info] : Dịch vụ: Lấy ghế đã đặt cho lịch chiếu 201
2026-01-11 02:30:02 [info] : Lấy 3 featured films
2026-01-11 02:30:02 [info] : Dịch vụ: Lấy 3 featured films
2026-01-11 02:30:02 [info] : Lấy 6 featured films
2026-01-11 02:30:02 [info] : Dịch vụ: Lấy 6 featured films
2026-01-11 02:30:02 [info] : Lấy films theo Loai: SERIES
2026-01-11 02:30:02 [info] : Dịch vụ: Lấy films theo Loai: SERIES
2026-01-11 02:30:02 [info] : Lấy films theo Loai: MOVIE
2026-01-11 02:30:02 [info] : Dịch vụ: Lấy films theo Loai: MOVIE
2026-01-11 02:30:02 [info] : Lấy films theo Loai: CARTOON
2026-01-11 02:30:02 [info] : Dịch vụ: Lấy films theo Loai: CARTOON
2026-01-11 02:30:02 [info] : Home page - Hero: 3, Movies: 10, Series: 7, Cartoons: 7, Top: 6
2026-01-11 02:30:07 [info] : Lấy film với MaPhim: 28
2026-01-11 02:30:07 [info] : Dịch vụ: Lấy film với MaPhim: 28
2026-01-11 02:30:07 [info] : Lấy lịch chiếu theo MaPhim: 28
2026-01-11 02:30:07 [info] : Dịch vụ: Lấy lịch chiếu theo MaPhim: 28
2026-01-11 02:30:13 [info] : Lấy lịch chiếu với MaLich: 206
2026-01-11 02:30:13 [info] : Dịch vụ: Lấy lịch chiếu với MaLich: 206
2026-01-11 02:30:14 [info] : Lấy lịch chiếu theo MaPhim: 28
2026-01-11 02:30:14 [info] : Dịch vụ: Lấy lịch chiếu theo MaPhim: 28
2026-01-11 02:30:14 [info] : Lấy ghế đã đặt cho lịch chiếu 206
2026-01-11 02:30:14 [info] : Dịch vụ: Lấy ghế đã đặt cho lịch chiếu 206
2026-01-11 02:30:16 [info] : Lấy lịch chiếu với MaLich: 207
2026-01-11 02:30:16 [info] : Dịch vụ: Lấy lịch chiếu với MaLich: 207
2026-01-11 02:30:16 [info] : Lấy lịch chiếu theo MaPhim: 28
2026-01-11 02:30:16 [info] : Dịch vụ: Lấy lịch chiếu theo MaPhim: 28
2026-01-11 02:30:16 [info] : Lấy ghế đã đặt cho lịch chiếu 207
2026-01-11 02:30:16 [info] : Dịch vụ: Lấy ghế đã đặt cho lịch chiếu 207
2026-01-11 02:30:17 [info] : Lấy lịch chiếu với MaLich: 208
2026-01-11 02:30:17 [info] : Dịch vụ: Lấy lịch chiếu với MaLich: 208
2026-01-11 02:30:17 [info] : Lấy lịch chiếu theo MaPhim: 28
2026-01-11 02:30:17 [info] : Dịch vụ: Lấy lịch chiếu theo MaPhim: 28
2026-01-11 02:30:17 [info] : Lấy ghế đã đặt cho lịch chiếu 208
2026-01-11 02:30:17 [info] : Dịch vụ: Lấy ghế đã đặt cho lịch chiếu 208
2026-01-11 02:30:18 [info] : Lấy lịch chiếu với MaLich: 209
2026-01-11 02:30:18 [info] : Dịch vụ: Lấy lịch chiếu với MaLich: 209
2026-01-11 02:30:18 [info] : Lấy lịch chiếu theo MaPhim: 28
2026-01-11 02:30:18 [info] : Dịch vụ: Lấy lịch chiếu theo MaPhim: 28
2026-01-11 02:30:18 [info] : Lấy ghế đã đặt cho lịch chiếu 209
2026-01-11 02:30:18 [info] : Dịch vụ: Lấy ghế đã đặt cho lịch chiếu 209
2026-01-11 02:30:19 [info] : Lấy lịch chiếu với MaLich: 210
2026-01-11 02:30:19 [info] : Dịch vụ: Lấy lịch chiếu với MaLich: 210
2026-01-11 02:30:19 [info] : Lấy lịch chiếu theo MaPhim: 28
2026-01-11 02:30:19 [info] : Dịch vụ: Lấy lịch chiếu theo MaPhim: 28
2026-01-11 02:30:19 [info] : Lấy ghế đã đặt cho lịch chiếu 210
2026-01-11 02:30:19 [info] : Dịch vụ: Lấy ghế đã đặt cho lịch chiếu 210
2026-01-11 02:41:40 [info] : Server đang chạy tại http://localhost:3000
2026-01-11 02:41:42 [info] : Server đang chạy tại http://localhost:3000
2026-01-11 02:41:42 [info] : ✅ MySQL connected successfully to TiDB Cloud
2026-01-11 02:41:44 [info] : Server đang chạy tại http://localhost:3000
2026-01-11 02:41:44 [info] : ✅ MySQL connected successfully to TiDB Cloud
2026-01-11 02:41:49 [info] : Server đang chạy tại http://localhost:3000
2026-01-11 02:41:49 [info] : ✅ MySQL connected successfully to TiDB Cloud
2026-01-11 02:41:51 [info] : Server đang chạy tại http://localhost:3000
2026-01-11 02:41:51 [info] : ✅ MySQL connected successfully to TiDB Cloud
2026-01-11 02:41:55 [info] : Server đang chạy tại http://localhost:3000
2026-01-11 02:41:55 [info] : ✅ MySQL connected successfully to TiDB Cloud
2026-01-11 02:41:59 [info] : Server đang chạy tại http://localhost:3000
2026-01-11 02:41:59 [info] : ✅ MySQL connected successfully to TiDB Cloud
2026-01-11 02:42:04 [info] : Server đang chạy tại http://localhost:3000
2026-01-11 02:42:05 [info] : ✅ MySQL connected successfully to TiDB Cloud
2026-01-11 02:42:09 [info] : Server đang chạy tại http://localhost:3000
2026-01-11 02:42:09 [info] : ✅ MySQL connected successfully to TiDB Cloud
2026-01-11 02:42:12 [info] : Server đang chạy tại http://localhost:3000
2026-01-11 02:42:12 [info] : ✅ MySQL connected successfully to TiDB Cloud
2026-01-11 02:42:17 [info] : Server đang chạy tại http://localhost:3000
2026-01-11 02:42:18 [info] : ✅ MySQL connected successfully to TiDB Cloud
2026-01-11 02:42:19 [info] : Server đang chạy tại http://localhost:3000
2026-01-11 02:42:19 [info] : ✅ MySQL connected successfully to TiDB Cloud
2026-01-11 02:46:25 [info] : Lấy 3 featured films
2026-01-11 02:46:25 [info] : Dịch vụ: Lấy 3 featured films
2026-01-11 02:46:25 [info] : Lấy films theo Loai: CARTOON
2026-01-11 02:46:25 [info] : Dịch vụ: Lấy films theo Loai: CARTOON
2026-01-11 02:46:25 [info] : Lấy films theo Loai: MOVIE
2026-01-11 02:46:25 [info] : Dịch vụ: Lấy films theo Loai: MOVIE
2026-01-11 02:46:25 [info] : Lấy 6 featured films
2026-01-11 02:46:25 [info] : Dịch vụ: Lấy 6 featured films
2026-01-11 02:46:25 [info] : Lấy films theo Loai: SERIES
2026-01-11 02:46:25 [info] : Dịch vụ: Lấy films theo Loai: SERIES
2026-01-11 02:46:25 [info] : Home page - Hero: 3, Movies: 10, Series: 7, Cartoons: 7, Top: 6
2026-01-11 02:49:17 [info] : Server đang chạy tại http://localhost:3000
2026-01-11 02:49:17 [info] : ✅ MySQL connected successfully to TiDB Cloud
2026-01-11 02:49:32 [info] : Server đang chạy tại http://localhost:3000
2026-01-11 02:49:32 [info] : ✅ MySQL connected successfully to TiDB Cloud
2026-01-11 02:49:33 [info] : Server đang chạy tại http://localhost:3000
2026-01-11 02:49:34 [info] : ✅ MySQL connected successfully to TiDB Cloud
2026-01-11 02:49:42 [info] : Server đang chạy tại http://localhost:3000
2026-01-11 02:49:42 [info] : ✅ MySQL connected successfully to TiDB Cloud
2026-01-11 02:49:43 [info] : Server đang chạy tại http://localhost:3000
2026-01-11 02:49:43 [info] : ✅ MySQL connected successfully to TiDB Cloud
2026-01-11 02:49:47 [info] : Server đang chạy tại http://localhost:3000
2026-01-11 02:49:47 [info] : ✅ MySQL connected successfully to TiDB Cloud
2026-01-11 02:49:49 [info] : Server đang chạy tại http://localhost:3000
2026-01-11 02:49:49 [info] : ✅ MySQL connected successfully to TiDB Cloud
2026-01-11 02:49:54 [info] : Server đang chạy tại http://localhost:3000
2026-01-11 02:49:54 [info] : ✅ MySQL connected successfully to TiDB Cloud
2026-01-11 02:49:55 [info] : Server đang chạy tại http://localhost:3000
2026-01-11 02:49:56 [info] : ✅ MySQL connected successfully to TiDB Cloud
2026-01-11 02:50:00 [info] : Server đang chạy tại http://localhost:3000
2026-01-11 02:50:00 [info] : ✅ MySQL connected successfully to TiDB Cloud
2026-01-11 02:50:03 [info] : Server đang chạy tại http://localhost:3000
2026-01-11 02:50:04 [info] : ✅ MySQL connected successfully to TiDB Cloud
2026-01-11 02:50:05 [info] : Server đang chạy tại http://localhost:3000
2026-01-11 02:50:05 [info] : ✅ MySQL connected successfully to TiDB Cloud
2026-01-11 02:55:49 [info] : Server đang chạy tại http://localhost:3000
2026-01-11 02:55:49 [info] : ✅ MySQL connected successfully to TiDB Cloud
2026-01-11 02:56:07 [info] : Server đang chạy tại http://localhost:3000
2026-01-11 02:56:08 [info] : ✅ MySQL connected successfully to TiDB Cloud
2026-01-11 02:56:13 [info] : Server đang chạy tại http://localhost:3000
2026-01-11 02:56:13 [info] : ✅ MySQL connected successfully to TiDB Cloud
2026-01-11 02:56:14 [info] : Server đang chạy tại http://localhost:3000
2026-01-11 02:56:14 [info] : ✅ MySQL connected successfully to TiDB Cloud
2026-01-11 02:56:20 [info] : Server đang chạy tại http://localhost:3000
2026-01-11 02:56:21 [info] : ✅ MySQL connected successfully to TiDB Cloud
2026-01-11 02:56:22 [info] : Server đang chạy tại http://localhost:3000
2026-01-11 02:56:22 [info] : ✅ MySQL connected successfully to TiDB Cloud
2026-01-11 02:56:27 [info] : Server đang chạy tại http://localhost:3000
2026-01-11 02:56:27 [info] : ✅ MySQL connected successfully to TiDB Cloud
2026-01-11 02:56:30 [info] : Server đang chạy tại http://localhost:3000
2026-01-11 02:56:30 [info] : ✅ MySQL connected successfully to TiDB Cloud
2026-01-11 02:56:31 [info] : Server đang chạy tại http://localhost:3000
2026-01-11 02:56:31 [info] : ✅ MySQL connected successfully to TiDB Cloud
2026-01-11 02:56:35 [info] : Server đang chạy tại http://localhost:3000
2026-01-11 02:56:35 [info] : ✅ MySQL connected successfully to TiDB Cloud
2026-01-11 02:56:36 [info] : Server đang chạy tại http://localhost:3000
2026-01-11 02:56:37 [info] : ✅ MySQL connected successfully to TiDB Cloud
2026-01-11 03:01:43 [info] : Server đang chạy tại http://localhost:3000
2026-01-11 03:01:44 [info] : ✅ MySQL connected successfully to TiDB Cloud
2026-01-11 03:01:47 [info] : Lấy 3 featured films
2026-01-11 03:01:47 [info] : Dịch vụ: Lấy 3 featured films
2026-01-11 03:01:48 [info] : Lấy films theo Loai: MOVIE
2026-01-11 03:01:48 [info] : Dịch vụ: Lấy films theo Loai: MOVIE
2026-01-11 03:01:48 [info] : Lấy films theo Loai: CARTOON
2026-01-11 03:01:48 [info] : Dịch vụ: Lấy films theo Loai: CARTOON
2026-01-11 03:01:48 [info] : Lấy 6 featured films
2026-01-11 03:01:48 [info] : Dịch vụ: Lấy 6 featured films
2026-01-11 03:01:48 [info] : Lấy films theo Loai: SERIES
2026-01-11 03:01:48 [info] : Dịch vụ: Lấy films theo Loai: SERIES
2026-01-11 03:01:48 [info] : Home page - Hero: 3, Movies: 14, Series: 7, Cartoons: 7, Top: 6
2026-01-11 03:02:00 [info] : Lấy film với MaPhim: 1
2026-01-11 03:02:00 [info] : Dịch vụ: Lấy film với MaPhim: 1
2026-01-11 03:02:00 [info] : Lấy lịch chiếu theo MaPhim: 1
2026-01-11 03:02:00 [info] : Dịch vụ: Lấy lịch chiếu theo MaPhim: 1
2026-01-11 03:02:21 [info] : Lấy film với MaPhim: 7
2026-01-11 03:02:21 [info] : Dịch vụ: Lấy film với MaPhim: 7
2026-01-11 03:02:21 [info] : Lấy lịch chiếu theo MaPhim: 7
2026-01-11 03:02:21 [info] : Dịch vụ: Lấy lịch chiếu theo MaPhim: 7
2026-01-11 03:02:24 [info] : Lấy film với MaPhim: 8
2026-01-11 03:02:24 [info] : Dịch vụ: Lấy film với MaPhim: 8
2026-01-11 03:02:24 [info] : Lấy lịch chiếu theo MaPhim: 8
2026-01-11 03:02:24 [info] : Dịch vụ: Lấy lịch chiếu theo MaPhim: 8
2026-01-11 03:02:26 [info] : Lấy film với MaPhim: 9
2026-01-11 03:02:26 [info] : Dịch vụ: Lấy film với MaPhim: 9
2026-01-11 03:02:26 [info] : Lấy lịch chiếu theo MaPhim: 9
2026-01-11 03:02:26 [info] : Dịch vụ: Lấy lịch chiếu theo MaPhim: 9
2026-01-11 03:02:29 [info] : Lấy film với MaPhim: 7
2026-01-11 03:02:29 [info] : Dịch vụ: Lấy film với MaPhim: 7
2026-01-11 03:02:29 [info] : Lấy lịch chiếu theo MaPhim: 7
2026-01-11 03:02:29 [info] : Dịch vụ: Lấy lịch chiếu theo MaPhim: 7
2026-01-11 03:02:31 [info] : Lấy film với MaPhim: 6
2026-01-11 03:02:31 [info] : Dịch vụ: Lấy film với MaPhim: 6
2026-01-11 03:02:31 [info] : Lấy lịch chiếu theo MaPhim: 6
2026-01-11 03:02:31 [info] : Dịch vụ: Lấy lịch chiếu theo MaPhim: 6
2026-01-11 03:04:38 [info] : Server đang chạy tại http://localhost:3000
2026-01-11 03:04:39 [info] : ✅ MySQL connected successfully to TiDB Cloud
2026-01-11 03:05:34 [info] : Server đang chạy tại http://localhost:3000
2026-01-11 03:05:35 [info] : ✅ MySQL connected successfully to TiDB Cloud
2026-01-11 03:05:40 [info] : Server đang chạy tại http://localhost:3000
2026-01-11 03:05:40 [info] : ✅ MySQL connected successfully to TiDB Cloud
2026-01-11 03:05:44 [info] : Server đang chạy tại http://localhost:3000
2026-01-11 03:05:44 [info] : ✅ MySQL connected successfully to TiDB Cloud
2026-01-11 03:05:47 [info] : Server đang chạy tại http://localhost:3000
2026-01-11 03:05:48 [info] : ✅ MySQL connected successfully to TiDB Cloud
2026-01-11 03:05:49 [info] : Server đang chạy tại http://localhost:3000
2026-01-11 03:05:49 [info] : ✅ MySQL connected successfully to TiDB Cloud
2026-01-11 03:05:53 [info] : Server đang chạy tại http://localhost:3000
2026-01-11 03:05:53 [info] : ✅ MySQL connected successfully to TiDB Cloud
2026-01-11 03:06:09 [info] : Server đang chạy tại http://localhost:3000
2026-01-11 03:06:09 [info] : ✅ MySQL connected successfully to TiDB Cloud
2026-01-11 03:13:52 [info] : Lấy 6 featured films
2026-01-11 03:13:52 [info] : Dịch vụ: Lấy 6 featured films
2026-01-11 03:13:52 [info] : Lấy 3 featured films
2026-01-11 03:13:52 [info] : Dịch vụ: Lấy 3 featured films
2026-01-11 03:13:52 [info] : Lấy films theo Loai: SERIES
2026-01-11 03:13:52 [info] : Dịch vụ: Lấy films theo Loai: SERIES
2026-01-11 03:13:52 [info] : Lấy films theo Loai: CARTOON
2026-01-11 03:13:52 [info] : Dịch vụ: Lấy films theo Loai: CARTOON
2026-01-11 03:13:52 [info] : Lấy films theo Loai: MOVIE
2026-01-11 03:13:52 [info] : Dịch vụ: Lấy films theo Loai: MOVIE
2026-01-11 03:13:52 [info] : Home page - Hero: 3, Movies: 14, Series: 7, Cartoons: 7, Top: 6
2026-01-11 03:24:35 [info] : Server đang chạy tại http://localhost:3000
2026-01-11 03:24:36 [info] : ✅ MySQL connected successfully to TiDB Cloud
2026-01-11 03:24:54 [info] : Server đang chạy tại http://localhost:3000
2026-01-11 03:24:54 [info] : ✅ MySQL connected successfully to TiDB Cloud
2026-01-11 03:24:58 [info] : Server đang chạy tại http://localhost:3000
2026-01-11 03:24:58 [info] : ✅ MySQL connected successfully to TiDB Cloud
2026-01-11 03:25:49 [info] : Server đang chạy tại http://localhost:3000
2026-01-11 03:25:49 [info] : ✅ MySQL connected successfully to TiDB Cloud
2026-01-11 03:31:41 [info] : Server đang chạy tại http://localhost:3000
2026-01-11 03:31:41 [info] : ✅ MySQL connected successfully to TiDB Cloud
2026-01-11 03:31:44 [info] : Server đang chạy tại http://localhost:3000
2026-01-11 03:31:45 [info] : ✅ MySQL connected successfully to TiDB Cloud
2026-01-11 03:31:49 [info] : Lấy 3 featured films
2026-01-11 03:31:49 [info] : Dịch vụ: Lấy 3 featured films
2026-01-11 03:31:49 [info] : Lấy 6 featured films
2026-01-11 03:31:49 [info] : Dịch vụ: Lấy 6 featured films
2026-01-11 03:31:49 [info] : Lấy films theo Loai: MOVIE
2026-01-11 03:31:49 [info] : Dịch vụ: Lấy films theo Loai: MOVIE
2026-01-11 03:31:49 [info] : Lấy films theo Loai: CARTOON
2026-01-11 03:31:49 [info] : Dịch vụ: Lấy films theo Loai: CARTOON
2026-01-11 03:31:49 [info] : Lấy films theo Loai: SERIES
2026-01-11 03:31:49 [info] : Dịch vụ: Lấy films theo Loai: SERIES
2026-01-11 03:31:49 [info] : Home page - Hero: 3, Movies: 14, Series: 7, Cartoons: 7, Top: 6
2026-01-11 03:37:39 [info] : Server đang chạy tại http://localhost:3000
2026-01-11 03:37:39 [info] : ✅ MySQL connected successfully to TiDB Cloud
2026-01-11 03:39:34 [info] : Server đang chạy tại http://localhost:3000
2026-01-11 03:39:34 [info] : ✅ MySQL connected successfully to TiDB Cloud
2026-01-11 03:39:35 [info] : Server đang chạy tại http://localhost:3000
2026-01-11 03:39:35 [info] : ✅ MySQL connected successfully to TiDB Cloud
2026-01-11 03:39:41 [info] : Server đang chạy tại http://localhost:3000
2026-01-11 03:39:41 [info] : ✅ MySQL connected successfully to TiDB Cloud
2026-01-11 03:39:42 [info] : Server đang chạy tại http://localhost:3000
2026-01-11 03:39:42 [info] : ✅ MySQL connected successfully to TiDB Cloud
2026-01-11 03:39:44 [info] : Server đang chạy tại http://localhost:3000
2026-01-11 03:39:44 [info] : ✅ MySQL connected successfully to TiDB Cloud
2026-01-11 03:40:46 [info] : Server đang chạy tại http://localhost:3000
2026-01-11 03:40:46 [info] : ✅ MySQL connected successfully to TiDB Cloud
2026-01-11 03:40:51 [info] : Server đang chạy tại http://localhost:3000
2026-01-11 03:40:52 [info] : ✅ MySQL connected successfully to TiDB Cloud
2026-01-11 03:40:57 [info] : Server đang chạy tại http://localhost:3000
2026-01-11 03:40:58 [info] : ✅ MySQL connected successfully to TiDB Cloud
2026-01-11 03:41:05 [info] : Server đang chạy tại http://localhost:3000
2026-01-11 03:41:06 [info] : ✅ MySQL connected successfully to TiDB Cloud
2026-01-11 03:41:07 [info] : Server đang chạy tại http://localhost:3000
2026-01-11 03:41:07 [info] : ✅ MySQL connected successfully to TiDB Cloud
2026-01-11 03:41:10 [info] : Server đang chạy tại http://localhost:3000
2026-01-11 03:41:11 [info] : ✅ MySQL connected successfully to TiDB Cloud
2026-01-11 03:41:35 [info] : Server đang chạy tại http://localhost:3000
2026-01-11 03:41:35 [info] : ✅ MySQL connected successfully to TiDB Cloud
2026-01-11 03:41:40 [info] : Lấy 3 featured films theo Loai: MOVIE
2026-01-11 03:41:40 [info] : Dịch vụ: Lấy 3 featured films theo Loai: MOVIE
2026-01-11 03:41:40 [info] : Lấy films theo Loai: MOVIE
2026-01-11 03:41:40 [info] : Dịch vụ: Lấy films theo Loai: MOVIE
2026-01-11 03:41:40 [info] : Lấy 6 featured films theo Loai: 6
2026-01-11 03:41:40 [info] : Dịch vụ: Lấy 6 featured films theo Loai: 6
2026-01-11 03:41:40 [info] : Lấy films theo Loai: SERIES
2026-01-11 03:41:40 [info] : Dịch vụ: Lấy films theo Loai: SERIES
2026-01-11 03:41:40 [info] : Lấy films theo Loai: CARTOON
2026-01-11 03:41:40 [info] : Dịch vụ: Lấy films theo Loai: CARTOON
2026-01-11 03:41:40 [info] : Home page - Hero: 3, Movies: 14, Series: 7, Cartoons: 7, Top: 0
2026-01-11 03:42:04 [info] : Server đang chạy tại http://localhost:3000
2026-01-11 03:42:05 [info] : ✅ MySQL connected successfully to TiDB Cloud
2026-01-11 03:42:11 [info] : Server đang chạy tại http://localhost:3000
2026-01-11 03:42:11 [info] : ✅ MySQL connected successfully to TiDB Cloud
2026-01-11 03:42:12 [info] : Server đang chạy tại http://localhost:3000
2026-01-11 03:42:12 [info] : ✅ MySQL connected successfully to TiDB Cloud
2026-01-11 03:42:16 [info] : Server đang chạy tại http://localhost:3000
2026-01-11 03:42:16 [info] : ✅ MySQL connected successfully to TiDB Cloud
2026-01-11 03:42:25 [info] : Server đang chạy tại http://localhost:3000
2026-01-11 03:42:25 [info] : ✅ MySQL connected successfully to TiDB Cloud
2026-01-11 03:46:03 [info] : Lấy 3 featured films theo Loai: NEW
2026-01-11 03:46:03 [info] : Dịch vụ: Lấy 3 featured films theo Loai: NEW
2026-01-11 03:46:04 [info] : Lấy films theo Loai: MOVIE
2026-01-11 03:46:04 [info] : Dịch vụ: Lấy films theo Loai: MOVIE
2026-01-11 03:46:04 [info] : Lấy films theo Loai: CARTOON
2026-01-11 03:46:04 [info] : Dịch vụ: Lấy films theo Loai: CARTOON
2026-01-11 03:46:04 [info] : Lấy films theo Loai: SERIES
2026-01-11 03:46:04 [info] : Dịch vụ: Lấy films theo Loai: SERIES
2026-01-11 03:46:04 [info] : Lấy 6 featured films theo Loai: 6
2026-01-11 03:46:04 [info] : Dịch vụ: Lấy 6 featured films theo Loai: 6
2026-01-11 03:46:04 [info] : Home page - Hero: 3, Movies: 11, Series: 7, Cartoons: 7, Top: 0
2026-01-11 03:46:20 [info] : Lấy film với MaPhim: 20
2026-01-11 03:46:20 [info] : Dịch vụ: Lấy film với MaPhim: 20
2026-01-11 03:46:20 [info] : Lấy lịch chiếu theo MaPhim: 20
2026-01-11 03:46:20 [info] : Dịch vụ: Lấy lịch chiếu theo MaPhim: 20
2026-01-11 03:48:41 [info] : Lấy film với MaPhim: 14
2026-01-11 03:48:41 [info] : Dịch vụ: Lấy film với MaPhim: 14
2026-01-11 03:48:41 [info] : Lấy lịch chiếu theo MaPhim: 14
2026-01-11 03:48:41 [info] : Dịch vụ: Lấy lịch chiếu theo MaPhim: 14
2026-01-11 03:50:43 [info] : Lấy film với MaPhim: 14
2026-01-11 03:50:43 [info] : Dịch vụ: Lấy film với MaPhim: 14
2026-01-11 03:50:43 [info] : Lấy lịch chiếu theo MaPhim: 14
2026-01-11 03:50:43 [info] : Dịch vụ: Lấy lịch chiếu theo MaPhim: 14
2026-01-11 03:52:18 [info] : Lấy lịch chiếu với MaLich: 108
2026-01-11 03:52:18 [info] : Dịch vụ: Lấy lịch chiếu với MaLich: 108
2026-01-11 03:52:18 [info] : Lấy lịch chiếu theo MaPhim: 14
2026-01-11 03:52:18 [info] : Dịch vụ: Lấy lịch chiếu theo MaPhim: 14
2026-01-11 03:52:18 [info] : Lấy ghế đã đặt cho lịch chiếu 108
2026-01-11 03:52:18 [info] : Dịch vụ: Lấy ghế đã đặt cho lịch chiếu 108
2026-01-11 03:54:48 [info] : Lấy film với MaPhim: 14
2026-01-11 03:54:48 [info] : Dịch vụ: Lấy film với MaPhim: 14
2026-01-11 03:54:48 [info] : Lấy lịch chiếu theo MaPhim: 14
2026-01-11 03:54:48 [info] : Dịch vụ: Lấy lịch chiếu theo MaPhim: 14
2026-01-11 03:55:04 [info] : Lấy film với MaPhim: 14
2026-01-11 03:55:04 [info] : Dịch vụ: Lấy film với MaPhim: 14
2026-01-11 03:55:04 [info] : Lấy lịch chiếu theo MaPhim: 14
2026-01-11 03:55:04 [info] : Dịch vụ: Lấy lịch chiếu theo MaPhim: 14
2026-01-11 22:03:37 [info] : Server đang chạy tại http://localhost:3000
2026-01-11 22:03:37 [info] : ✅ MySQL connected successfully to TiDB Cloud
2026-01-11 22:04:37 [info] : Server đang chạy tại http://localhost:3000
2026-01-11 22:04:37 [info] : ✅ MySQL connected successfully to TiDB Cloud
2026-01-11 22:04:41 [info] : Lấy 3 featured films theo Loai: NEW
2026-01-11 22:04:41 [info] : Dịch vụ: Lấy 3 featured films theo Loai: NEW
2026-01-11 22:04:41 [info] : Lấy films theo Loai: CARTOON
2026-01-11 22:04:41 [info] : Dịch vụ: Lấy films theo Loai: CARTOON
2026-01-11 22:04:41 [info] : Lấy 6 featured films theo Loai: 6
2026-01-11 22:04:41 [info] : Dịch vụ: Lấy 6 featured films theo Loai: 6
2026-01-11 22:04:41 [info] : Lấy films theo Loai: SERIES
2026-01-11 22:04:41 [info] : Dịch vụ: Lấy films theo Loai: SERIES
2026-01-11 22:04:41 [info] : Lấy films theo Loai: MOVIE
2026-01-11 22:04:41 [info] : Dịch vụ: Lấy films theo Loai: MOVIE
2026-01-11 22:04:41 [info] : Home page - Hero: 3, Movies: 11, Series: 7, Cartoons: 7, Top: 0
2026-01-11 22:08:16 [info] : Server đang chạy tại http://localhost:3000
2026-01-11 22:08:16 [info] : ✅ MySQL connected successfully to TiDB Cloud
2026-01-11 22:11:08 [info] : Server đang chạy tại http://localhost:3000
2026-01-11 22:11:08 [info] : ✅ MySQL connected successfully to TiDB Cloud
2026-01-11 22:11:14 [info] : Server đang chạy tại http://localhost:3000
2026-01-11 22:11:14 [info] : ✅ MySQL connected successfully to TiDB Cloud
2026-01-11 22:17:58 [info] : Server đang chạy tại http://localhost:3000
2026-01-11 22:17:59 [info] : ✅ MySQL connected successfully to TiDB Cloud
2026-01-11 22:18:04 [info] : Server đang chạy tại http://localhost:3000
2026-01-11 22:18:04 [info] : ✅ MySQL connected successfully to TiDB Cloud
2026-01-11 22:20:27 [info] : Lấy 3 featured films theo Loai: NEW
2026-01-11 22:20:27 [info] : Dịch vụ: Lấy 3 featured films theo Loai: NEW
2026-01-11 22:20:27 [info] : Lấy films theo Loai: SERIES
2026-01-11 22:20:27 [info] : Dịch vụ: Lấy films theo Loai: SERIES
2026-01-11 22:20:27 [info] : Lấy 6 featured films theo Loai: 6
2026-01-11 22:20:27 [info] : Dịch vụ: Lấy 6 featured films theo Loai: 6
2026-01-11 22:20:27 [info] : Lấy films theo Loai: MOVIE
2026-01-11 22:20:27 [info] : Dịch vụ: Lấy films theo Loai: MOVIE
2026-01-11 22:20:27 [info] : Lấy films theo Loai: CARTOON
2026-01-11 22:20:27 [info] : Dịch vụ: Lấy films theo Loai: CARTOON
2026-01-11 22:20:27 [info] : Home page - Hero: 3, Movies: 11, Series: 7, Cartoons: 7, Top: 0
2026-01-11 22:22:35 [info] : Lấy films theo Loai: CARTOON
2026-01-11 22:22:35 [info] : Dịch vụ: Lấy films theo Loai: CARTOON
2026-01-11 22:22:35 [info] : Lấy films theo Loai: SERIES
2026-01-11 22:22:35 [info] : Dịch vụ: Lấy films theo Loai: SERIES
2026-01-11 22:22:35 [info] : Lấy 6 featured films theo Loai: 6
2026-01-11 22:22:35 [info] : Dịch vụ: Lấy 6 featured films theo Loai: 6
2026-01-11 22:22:35 [info] : Lấy 3 featured films theo Loai: NEW
2026-01-11 22:22:35 [info] : Dịch vụ: Lấy 3 featured films theo Loai: NEW
2026-01-11 22:22:35 [info] : Lấy films theo Loai: MOVIE
2026-01-11 22:22:35 [info] : Dịch vụ: Lấy films theo Loai: MOVIE
2026-01-11 22:22:35 [info] : Home page - Hero: 3, Movies: 11, Series: 7, Cartoons: 7, Top: 0
2026-01-11 22:22:39 [info] : Lấy 6 featured films theo Loai: 6
2026-01-11 22:22:39 [info] : Dịch vụ: Lấy 6 featured films theo Loai: 6
2026-01-11 22:22:39 [info] : Lấy films theo Loai: MOVIE
2026-01-11 22:22:39 [info] : Dịch vụ: Lấy films theo Loai: MOVIE
2026-01-11 22:22:39 [info] : Lấy films theo Loai: SERIES
2026-01-11 22:22:39 [info] : Dịch vụ: Lấy films theo Loai: SERIES
2026-01-11 22:22:39 [info] : Lấy films theo Loai: CARTOON
2026-01-11 22:22:39 [info] : Dịch vụ: Lấy films theo Loai: CARTOON
2026-01-11 22:22:39 [info] : Lấy 3 featured films theo Loai: NEW
2026-01-11 22:22:39 [info] : Dịch vụ: Lấy 3 featured films theo Loai: NEW
2026-01-11 22:22:39 [info] : Home page - Hero: 3, Movies: 11, Series: 7, Cartoons: 7, Top: 0
2026-01-11 22:59:36 [info] : Lấy films theo Loai: MOVIE
2026-01-11 22:59:36 [info] : Dịch vụ: Lấy films theo Loai: MOVIE
2026-01-11 22:59:36 [info] : Lấy films theo Loai: SERIES
2026-01-11 22:59:36 [info] : Dịch vụ: Lấy films theo Loai: SERIES
2026-01-11 22:59:37 [info] : Lấy 3 featured films theo Loai: NEW
2026-01-11 22:59:37 [info] : Dịch vụ: Lấy 3 featured films theo Loai: NEW
2026-01-11 22:59:37 [info] : Lấy films theo Loai: CARTOON
2026-01-11 22:59:37 [info] : Dịch vụ: Lấy films theo Loai: CARTOON
2026-01-11 22:59:37 [info] : Lấy 6 featured films theo Loai: 6
2026-01-11 22:59:37 [info] : Dịch vụ: Lấy 6 featured films theo Loai: 6
2026-01-11 22:59:37 [info] : Home page - Hero: 0, Movies: 0, Series: 0, Cartoons: 0, Top: 0
2026-01-11 23:04:19 [info] : Lấy 3 featured films theo Loai: NEW
2026-01-11 23:04:19 [info] : Dịch vụ: Lấy 3 featured films theo Loai: NEW
2026-01-11 23:04:19 [info] : Lấy films theo Loai: SERIES
2026-01-11 23:04:19 [info] : Dịch vụ: Lấy films theo Loai: SERIES
2026-01-11 23:04:19 [info] : Lấy 6 featured films theo Loai: 6
2026-01-11 23:04:19 [info] : Dịch vụ: Lấy 6 featured films theo Loai: 6
2026-01-11 23:04:19 [info] : Lấy films theo Loai: MOVIE
2026-01-11 23:04:19 [info] : Dịch vụ: Lấy films theo Loai: MOVIE
2026-01-11 23:04:19 [info] : Lấy films theo Loai: CARTOON
2026-01-11 23:04:19 [info] : Dịch vụ: Lấy films theo Loai: CARTOON
2026-01-11 23:04:19 [info] : Home page - Hero: 0, Movies: 0, Series: 0, Cartoons: 0, Top: 0
2026-01-11 23:06:00 [info] : Lấy 6 featured films theo Loai: 6
2026-01-11 23:06:00 [info] : Dịch vụ: Lấy 6 featured films theo Loai: 6
2026-01-11 23:06:00 [info] : Lấy films theo Loai: CARTOON
2026-01-11 23:06:00 [info] : Dịch vụ: Lấy films theo Loai: CARTOON
2026-01-11 23:06:00 [info] : Lấy films theo Loai: MOVIE
2026-01-11 23:06:00 [info] : Dịch vụ: Lấy films theo Loai: MOVIE
2026-01-11 23:06:00 [info] : Lấy films theo Loai: SERIES
2026-01-11 23:06:00 [info] : Dịch vụ: Lấy films theo Loai: SERIES
2026-01-11 23:06:00 [info] : Lấy 3 featured films theo Loai: NEW
2026-01-11 23:06:00 [info] : Dịch vụ: Lấy 3 featured films theo Loai: NEW
2026-01-11 23:06:00 [info] : Home page - Hero: 3, Movies: 11, Series: 7, Cartoons: 7, Top: 0
2026-01-11 23:12:34 [info] : Lấy films theo Loai: CARTOON
2026-01-11 23:12:34 [info] : Dịch vụ: Lấy films theo Loai: CARTOON
2026-01-11 23:12:34 [info] : Lấy 6 featured films theo Loai: 6
2026-01-11 23:12:34 [info] : Dịch vụ: Lấy 6 featured films theo Loai: 6
2026-01-11 23:12:34 [info] : Lấy films theo Loai: MOVIE
2026-01-11 23:12:34 [info] : Dịch vụ: Lấy films theo Loai: MOVIE
2026-01-11 23:12:34 [info] : Lấy films theo Loai: SERIES
2026-01-11 23:12:34 [info] : Dịch vụ: Lấy films theo Loai: SERIES
2026-01-11 23:12:34 [info] : Lấy 3 featured films theo Loai: NEW
2026-01-11 23:12:34 [info] : Dịch vụ: Lấy 3 featured films theo Loai: NEW
2026-01-11 23:12:34 [info] : Home page - Hero: 0, Movies: 10, Series: 0, Cartoons: 0, Top: 0
2026-01-11 23:14:32 [info] : Lấy 3 featured films theo Loai: NEW
2026-01-11 23:14:32 [info] : Dịch vụ: Lấy 3 featured films theo Loai: NEW
2026-01-11 23:14:32 [info] : Lấy films theo Loai: MOVIE
2026-01-11 23:14:32 [info] : Dịch vụ: Lấy films theo Loai: MOVIE
2026-01-11 23:14:32 [info] : Lấy films theo Loai: SERIES
2026-01-11 23:14:32 [info] : Dịch vụ: Lấy films theo Loai: SERIES
2026-01-11 23:14:32 [info] : Lấy films theo Loai: CARTOON
2026-01-11 23:14:32 [info] : Dịch vụ: Lấy films theo Loai: CARTOON
2026-01-11 23:14:32 [info] : Lấy 6 featured films theo Loai: 6
2026-01-11 23:14:32 [info] : Dịch vụ: Lấy 6 featured films theo Loai: 6
2026-01-11 23:14:32 [info] : Home page - Hero: 0, Movies: 10, Series: 0, Cartoons: 0, Top: 0
2026-01-11 23:14:38 [info] : Lấy film với MaPhim: 10
2026-01-11 23:14:38 [info] : Dịch vụ: Lấy film với MaPhim: 10
2026-01-11 23:14:38 [info] : Lấy lịch chiếu theo MaPhim: 10
2026-01-11 23:14:38 [info] : Dịch vụ: Lấy lịch chiếu theo MaPhim: 10
2026-01-11 23:16:51 [info] : Lấy 6 featured films theo Loai: 6
2026-01-11 23:16:51 [info] : Dịch vụ: Lấy 6 featured films theo Loai: 6
2026-01-11 23:16:51 [info] : Lấy films theo Loai: CARTOON
2026-01-11 23:16:51 [info] : Dịch vụ: Lấy films theo Loai: CARTOON
2026-01-11 23:16:51 [info] : Lấy 3 featured films theo Loai: NEW
2026-01-11 23:16:51 [info] : Dịch vụ: Lấy 3 featured films theo Loai: NEW
2026-01-11 23:16:51 [info] : Lấy films theo Loai: SERIES
2026-01-11 23:16:51 [info] : Dịch vụ: Lấy films theo Loai: SERIES
2026-01-11 23:16:51 [info] : Lấy films theo Loai: MOVIE
2026-01-11 23:16:51 [info] : Dịch vụ: Lấy films theo Loai: MOVIE
2026-01-11 23:16:51 [info] : Home page - Hero: 3, Movies: 11, Series: 7, Cartoons: 7, Top: 0
2026-01-11 23:47:38 [info] : Server đang chạy tại http://localhost:3000
2026-01-11 23:47:39 [info] : ✅ MySQL connected successfully to TiDB Cloud
2026-01-11 23:47:45 [info] : Lấy 3 featured films theo Loai: NEW
2026-01-11 23:47:45 [info] : Dịch vụ: Lấy 3 featured films theo Loai: NEW
2026-01-11 23:47:45 [info] : Lấy films theo Loai: CARTOON
2026-01-11 23:47:45 [info] : Dịch vụ: Lấy films theo Loai: CARTOON
2026-01-11 23:47:45 [info] : Lấy films theo Loai: SERIES
2026-01-11 23:47:45 [info] : Dịch vụ: Lấy films theo Loai: SERIES
2026-01-11 23:47:45 [info] : Lấy 6 featured films theo Loai: 6
2026-01-11 23:47:45 [info] : Dịch vụ: Lấy 6 featured films theo Loai: 6
2026-01-11 23:47:45 [info] : Lấy films theo Loai: MOVIE
2026-01-11 23:47:45 [info] : Dịch vụ: Lấy films theo Loai: MOVIE
2026-01-11 23:47:45 [info] : Home page - Hero: 3, Movies: 11, Series: 7, Cartoons: 7, Top: 0
2026-01-11 23:47:57 [error] : TypeError: authRepo.createByOAuth is not a function
    at Strategy._verify (file:///E:/webAPI/BTL_API/BTL_WEB_API_RapChieuPhim/Sources/config/passport.js:49:31)
    at process.processTicksAndRejections (node:internal/process/task_queues:105:5)
2026-01-11 23:50:35 [info] : Server đang chạy tại http://localhost:3000
2026-01-11 23:50:35 [info] : ✅ MySQL connected successfully to TiDB Cloud
2026-01-11 23:50:42 [error] : TypeError: authRepo.createByOAuth is not a function
    at Strategy._verify (file:///E:/webAPI/BTL_API/BTL_WEB_API_RapChieuPhim/Sources/config/passport.js:49:31)
    at process.processTicksAndRejections (node:internal/process/task_queues:105:5)
2026-01-11 23:51:10 [info] : Server đang chạy tại http://localhost:3000
2026-01-11 23:51:10 [info] : ✅ MySQL connected successfully to TiDB Cloud
2026-01-11 23:51:19 [error] : TypeError: authRepo.createByOAuth is not a function
    at Strategy._verify (file:///E:/webAPI/BTL_API/BTL_WEB_API_RapChieuPhim/Sources/config/passport.js:26:31)
    at process.processTicksAndRejections (node:internal/process/task_queues:105:5)
2026-01-11 23:52:53 [info] : Server đang chạy tại http://localhost:3000
2026-01-11 23:52:53 [info] : ✅ MySQL connected successfully to TiDB Cloud
2026-01-11 23:53:01 [info] : Server đang chạy tại http://localhost:3000
2026-01-11 23:53:01 [info] : ✅ MySQL connected successfully to TiDB Cloud
2026-01-11 23:53:25 [info] : Server đang chạy tại http://localhost:3000
2026-01-11 23:53:25 [info] : ✅ MySQL connected successfully to TiDB Cloud
2026-01-11 23:54:01 [info] : Server đang chạy tại http://localhost:3000
2026-01-11 23:54:01 [info] : ✅ MySQL connected successfully to TiDB Cloud
2026-01-11 23:54:19 [info] : Server đang chạy tại http://localhost:3000
2026-01-11 23:54:20 [info] : ✅ MySQL connected successfully to TiDB Cloud
2026-01-11 23:54:31 [info] : Server đang chạy tại http://localhost:3000
2026-01-11 23:54:32 [info] : ✅ MySQL connected successfully to TiDB Cloud
2026-01-11 23:54:33 [info] : Server đang chạy tại http://localhost:3000
2026-01-11 23:54:34 [info] : ✅ MySQL connected successfully to TiDB Cloud
2026-01-11 23:54:54 [info] : Lấy 3 featured films theo Loai: NEW
2026-01-11 23:54:54 [info] : Dịch vụ: Lấy 3 featured films theo Loai: NEW
2026-01-11 23:54:54 [info] : Lấy films theo Loai: CARTOON
2026-01-11 23:54:54 [info] : Dịch vụ: Lấy films theo Loai: CARTOON
2026-01-11 23:54:54 [info] : Lấy films theo Loai: MOVIE
2026-01-11 23:54:54 [info] : Dịch vụ: Lấy films theo Loai: MOVIE
2026-01-11 23:54:54 [info] : Lấy 6 featured films theo Loai: 6
2026-01-11 23:54:54 [info] : Dịch vụ: Lấy 6 featured films theo Loai: 6
2026-01-11 23:54:54 [info] : Lấy films theo Loai: SERIES
2026-01-11 23:54:54 [info] : Dịch vụ: Lấy films theo Loai: SERIES
2026-01-11 23:54:54 [info] : Home page - Hero: 3, Movies: 11, Series: 7, Cartoons: 7, Top: 0
2026-01-11 23:55:13 [info] : Server đang chạy tại http://localhost:3000
2026-01-11 23:55:13 [info] : ✅ MySQL connected successfully to TiDB Cloud
2026-01-11 23:55:26 [info] : Lấy 3 featured films theo Loai: NEW
2026-01-11 23:55:26 [info] : Dịch vụ: Lấy 3 featured films theo Loai: NEW
2026-01-11 23:55:27 [info] : Lấy 6 featured films theo Loai: 6
2026-01-11 23:55:27 [info] : Dịch vụ: Lấy 6 featured films theo Loai: 6
2026-01-11 23:55:27 [info] : Lấy films theo Loai: SERIES
2026-01-11 23:55:27 [info] : Dịch vụ: Lấy films theo Loai: SERIES
2026-01-11 23:55:27 [info] : Lấy films theo Loai: CARTOON
2026-01-11 23:55:27 [info] : Dịch vụ: Lấy films theo Loai: CARTOON
2026-01-11 23:55:27 [info] : Lấy films theo Loai: MOVIE
2026-01-11 23:55:27 [info] : Dịch vụ: Lấy films theo Loai: MOVIE
2026-01-11 23:55:27 [info] : Home page - Hero: 3, Movies: 11, Series: 7, Cartoons: 7, Top: 0
2026-01-11 23:56:36 [info] : Server đang chạy tại http://localhost:3000
2026-01-11 23:56:36 [info] : ✅ MySQL connected successfully to TiDB Cloud
2026-01-11 23:59:26 [info] : Server đang chạy tại http://localhost:3000
2026-01-11 23:59:26 [info] : ✅ MySQL connected successfully to TiDB Cloud
2026-01-11 23:59:44 [info] : Server đang chạy tại http://localhost:3000
2026-01-11 23:59:44 [info] : ✅ MySQL connected successfully to TiDB Cloud
2026-01-11 23:59:48 [info] : Lấy 3 featured films theo Loai: NEW
2026-01-11 23:59:48 [info] : Dịch vụ: Lấy 3 featured films theo Loai: NEW
2026-01-11 23:59:49 [info] : Lấy films theo Loai: CARTOON
2026-01-11 23:59:49 [info] : Dịch vụ: Lấy films theo Loai: CARTOON
2026-01-11 23:59:49 [info] : Lấy films theo Loai: SERIES
2026-01-11 23:59:49 [info] : Dịch vụ: Lấy films theo Loai: SERIES
2026-01-11 23:59:49 [info] : Lấy 6 featured films theo Loai: 6
2026-01-11 23:59:49 [info] : Dịch vụ: Lấy 6 featured films theo Loai: 6
2026-01-11 23:59:49 [info] : Lấy films theo Loai: MOVIE
2026-01-11 23:59:49 [info] : Dịch vụ: Lấy films theo Loai: MOVIE
2026-01-11 23:59:49 [info] : Home page - Hero: 3, Movies: 11, Series: 7, Cartoons: 7, Top: 0
