2025-12-12 13:36:25 [info] : MySQL connected successfully
2025-12-12 13:37:55 [info] : MySQL connected successfully
2025-12-12 13:41:27 [info] : MySQL connected successfully
2025-12-12 13:51:14 [info] : MySQL connected successfully
2025-12-12 13:51:39 [info] : MySQL connected successfully
2025-12-12 13:58:20 [info] : MySQL connected successfully
2025-12-12 14:52:32 [info] : MySQL connected successfully
2025-12-12 14:54:59 [info] : MySQL connected successfully
2025-12-12 14:55:07 [info] : MySQL connected successfully
2025-12-12 14:55:09 [info] : MySQL connected successfully
2025-12-12 14:55:53 [info] : MySQL connected successfully
2025-12-12 14:55:54 [info] : MySQL connected successfully
2025-12-12 14:55:56 [info] : MySQL connected successfully
2025-12-12 14:56:16 [info] : MySQL connected successfully
2025-12-12 14:56:38 [info] : MySQL connected successfully
2025-12-12 14:59:33 [info] : MySQL connected successfully
2025-12-12 14:59:40 [info] : MySQL connected successfully
2025-12-12 15:04:22 [info] : MySQL connected successfully
2025-12-12 15:04:29 [info] : MySQL connected successfully
2025-12-12 15:04:32 [info] : MySQL connected successfully
2025-12-12 15:05:15 [info] : MySQL connected successfully
2025-12-12 15:05:43 [info] : MySQL connected successfully
2025-12-12 15:06:18 [info] : MySQL connected successfully
2025-12-12 15:06:33 [info] : MySQL connected successfully
2025-12-12 15:12:26 [info] : MySQL connected successfully
2025-12-12 15:12:30 [info] : Server đang chạy tại http://localhost:3000
2025-12-12 15:12:30 [info] : MySQL connected successfully
2025-12-12 15:12:57 [info] : MySQL connected successfully
2025-12-12 15:12:58 [info] : MySQL connected successfully
2025-12-12 15:13:02 [info] : MySQL connected successfully
2025-12-12 15:13:04 [info] : MySQL connected successfully
2025-12-12 15:13:06 [info] : MySQL connected successfully
2025-12-12 15:13:08 [info] : MySQL connected successfully
2025-12-12 15:13:15 [info] : MySQL connected successfully
2025-12-12 15:13:24 [info] : Server đang chạy tại http://localhost:3000
2025-12-12 15:13:24 [info] : MySQL connected successfully
2025-12-12 15:13:27 [info] : Server đang chạy tại http://localhost:3000
2025-12-12 15:13:27 [info] : MySQL connected successfully
2025-12-12 15:13:37 [info] : Server đang chạy tại http://localhost:3000
2025-12-12 15:13:37 [info] : MySQL connected successfully
2025-12-12 15:14:43 [info] : Server đang chạy tại http://localhost:3000
2025-12-12 15:14:43 [info] : MySQL connected successfully
2025-12-12 15:16:14 [info] : Server đang chạy tại http://localhost:3000
2025-12-12 15:16:14 [info] : MySQL connected successfully
2025-12-12 15:17:09 [info] : Server đang chạy tại http://localhost:3000
2025-12-12 15:17:09 [info] : MySQL connected successfully
2025-12-12 15:17:11 [info] : Server đang chạy tại http://localhost:3000
2025-12-12 15:17:12 [info] : MySQL connected successfully
2025-12-12 15:17:19 [info] : Server đang chạy tại http://localhost:3000
2025-12-12 15:17:19 [info] : MySQL connected successfully
2025-12-12 15:17:22 [info] : Server đang chạy tại http://localhost:3000
2025-12-12 15:17:22 [info] : MySQL connected successfully
2025-12-12 15:17:29 [info] : Server đang chạy tại http://localhost:3000
2025-12-12 15:17:29 [info] : MySQL connected successfully
2025-12-12 15:17:30 [info] : Server đang chạy tại http://localhost:3000
2025-12-12 15:17:30 [info] : MySQL connected successfully
2025-12-12 15:17:37 [info] : Server đang chạy tại http://localhost:3000
2025-12-12 15:17:37 [info] : MySQL connected successfully
2025-12-12 15:17:38 [info] : Server đang chạy tại http://localhost:3000
2025-12-12 15:17:38 [info] : MySQL connected successfully
2025-12-12 15:17:40 [info] : Server đang chạy tại http://localhost:3000
2025-12-12 15:17:40 [info] : MySQL connected successfully
2025-12-12 15:17:44 [info] : Server đang chạy tại http://localhost:3000
2025-12-12 15:17:44 [info] : MySQL connected successfully
2025-12-12 15:17:48 [info] : Server đang chạy tại http://localhost:3000
2025-12-12 15:17:48 [info] : MySQL connected successfully
2025-12-12 15:18:03 [info] : Server đang chạy tại http://localhost:3000
2025-12-12 15:18:03 [info] : MySQL connected successfully
2025-12-12 15:18:04 [info] : Server đang chạy tại http://localhost:3000
2025-12-12 15:18:04 [info] : MySQL connected successfully
2025-12-12 15:18:06 [info] : Server đang chạy tại http://localhost:3000
2025-12-12 15:18:06 [info] : MySQL connected successfully
2025-12-12 15:18:14 [info] : Server đang chạy tại http://localhost:3000
2025-12-12 15:18:14 [info] : MySQL connected successfully
2025-12-12 15:18:26 [info] : Server đang chạy tại http://localhost:3000
2025-12-12 15:18:26 [info] : MySQL connected successfully
2025-12-12 15:18:29 [info] : Server đang chạy tại http://localhost:3000
2025-12-12 15:18:29 [info] : MySQL connected successfully
2025-12-12 15:18:40 [info] : Server đang chạy tại http://localhost:3000
2025-12-12 15:18:40 [info] : MySQL connected successfully
2025-12-12 15:18:48 [info] : Server đang chạy tại http://localhost:3000
2025-12-12 15:18:48 [info] : MySQL connected successfully
2025-12-12 15:18:57 [info] : Server đang chạy tại http://localhost:3000
2025-12-12 15:18:57 [info] : MySQL connected successfully
2025-12-12 15:19:02 [info] : Server đang chạy tại http://localhost:3000
2025-12-12 15:19:02 [info] : MySQL connected successfully
2025-12-12 15:19:07 [info] : Server đang chạy tại http://localhost:3000
2025-12-12 15:19:07 [info] : MySQL connected successfully
2025-12-12 15:19:33 [info] : Server đang chạy tại http://localhost:3000
2025-12-12 15:19:33 [info] : MySQL connected successfully
2025-12-12 15:19:34 [info] : Server đang chạy tại http://localhost:3000
2025-12-12 15:19:34 [info] : MySQL connected successfully
2025-12-12 15:19:38 [info] : Server đang chạy tại http://localhost:3000
2025-12-12 15:19:38 [info] : MySQL connected successfully
2025-12-12 15:19:41 [info] : Server đang chạy tại http://localhost:3000
2025-12-12 15:19:41 [info] : MySQL connected successfully
2025-12-12 15:19:49 [info] : Server đang chạy tại http://localhost:3000
2025-12-12 15:19:49 [info] : MySQL connected successfully
2025-12-12 15:19:51 [info] : Server đang chạy tại http://localhost:3000
2025-12-12 15:19:51 [info] : MySQL connected successfully
2025-12-12 15:19:52 [info] : Server đang chạy tại http://localhost:3000
2025-12-12 15:19:52 [info] : MySQL connected successfully
2025-12-12 15:20:14 [info] : Server đang chạy tại http://localhost:3000
2025-12-12 15:20:14 [info] : MySQL connected successfully
2025-12-12 15:20:28 [info] : Server đang chạy tại http://localhost:3000
2025-12-12 15:20:29 [info] : MySQL connected successfully
2025-12-12 15:20:34 [info] : Server đang chạy tại http://localhost:3000
2025-12-12 15:20:34 [info] : MySQL connected successfully
2025-12-12 15:20:41 [info] : Server đang chạy tại http://localhost:3000
2025-12-12 15:20:41 [info] : MySQL connected successfully
2025-12-12 15:20:49 [info] : Server đang chạy tại http://localhost:3000
2025-12-12 15:20:49 [info] : MySQL connected successfully
2025-12-12 15:20:51 [info] : Server đang chạy tại http://localhost:3000
2025-12-12 15:20:51 [info] : MySQL connected successfully
2025-12-12 15:20:53 [info] : Server đang chạy tại http://localhost:3000
2025-12-12 15:20:53 [info] : MySQL connected successfully
2025-12-12 15:20:54 [info] : Server đang chạy tại http://localhost:3000
2025-12-12 15:20:54 [info] : MySQL connected successfully
2025-12-12 15:20:56 [info] : Server đang chạy tại http://localhost:3000
2025-12-12 15:20:56 [info] : MySQL connected successfully
2025-12-12 15:21:03 [info] : Server đang chạy tại http://localhost:3000
2025-12-12 15:21:03 [info] : MySQL connected successfully
2025-12-12 15:21:15 [info] : Server đang chạy tại http://localhost:3000
2025-12-12 15:21:15 [info] : MySQL connected successfully
2025-12-12 15:21:17 [info] : Server đang chạy tại http://localhost:3000
2025-12-12 15:21:17 [info] : MySQL connected successfully
2025-12-12 15:21:19 [info] : Server đang chạy tại http://localhost:3000
2025-12-12 15:21:19 [info] : MySQL connected successfully
2025-12-12 15:21:20 [info] : Server đang chạy tại http://localhost:3000
2025-12-12 15:21:20 [info] : MySQL connected successfully
2025-12-12 15:21:25 [info] : Server đang chạy tại http://localhost:3000
2025-12-12 15:21:25 [info] : MySQL connected successfully
2025-12-12 15:21:26 [info] : Server đang chạy tại http://localhost:3000
2025-12-12 15:21:26 [info] : MySQL connected successfully
2025-12-12 15:21:54 [info] : Server đang chạy tại http://localhost:3000
2025-12-12 15:21:54 [info] : MySQL connected successfully
2025-12-12 15:22:01 [info] : Server đang chạy tại http://localhost:3000
2025-12-12 15:22:01 [info] : MySQL connected successfully
2025-12-12 15:22:09 [info] : Server đang chạy tại http://localhost:3000
2025-12-12 15:22:09 [info] : MySQL connected successfully
2025-12-12 15:22:12 [info] : Server đang chạy tại http://localhost:3000
2025-12-12 15:22:12 [info] : MySQL connected successfully
2025-12-12 15:22:13 [info] : Server đang chạy tại http://localhost:3000
2025-12-12 15:22:13 [info] : MySQL connected successfully
2025-12-12 15:22:14 [info] : Server đang chạy tại http://localhost:3000
2025-12-12 15:22:14 [info] : MySQL connected successfully
2025-12-12 15:22:19 [info] : Server đang chạy tại http://localhost:3000
2025-12-12 15:22:20 [info] : MySQL connected successfully
2025-12-12 15:22:22 [info] : Server đang chạy tại http://localhost:3000
2025-12-12 15:22:22 [info] : MySQL connected successfully
2025-12-12 15:22:24 [info] : Server đang chạy tại http://localhost:3000
2025-12-12 15:22:24 [info] : MySQL connected successfully
2025-12-12 15:22:26 [info] : Server đang chạy tại http://localhost:3000
2025-12-12 15:22:26 [info] : MySQL connected successfully
2025-12-12 15:22:28 [info] : Server đang chạy tại http://localhost:3000
2025-12-12 15:22:28 [info] : MySQL connected successfully
2025-12-12 15:22:30 [info] : Server đang chạy tại http://localhost:3000
2025-12-12 15:22:30 [info] : MySQL connected successfully
2025-12-12 15:24:00 [info] : Server đang chạy tại http://localhost:3000
2025-12-12 15:24:00 [info] : MySQL connected successfully
2025-12-12 15:24:06 [info] : Server đang chạy tại http://localhost:3000
2025-12-12 15:24:06 [info] : MySQL connected successfully
2025-12-12 15:24:08 [info] : Server đang chạy tại http://localhost:3000
2025-12-12 15:24:08 [info] : MySQL connected successfully
2025-12-12 15:24:10 [info] : Server đang chạy tại http://localhost:3000
2025-12-12 15:24:10 [info] : MySQL connected successfully
2025-12-12 15:24:18 [info] : Server đang chạy tại http://localhost:3000
2025-12-12 15:24:18 [info] : MySQL connected successfully
2025-12-12 15:24:21 [info] : Server đang chạy tại http://localhost:3000
2025-12-12 15:24:21 [info] : MySQL connected successfully
2025-12-12 15:24:28 [info] : Server đang chạy tại http://localhost:3000
2025-12-12 15:24:28 [info] : MySQL connected successfully
2025-12-12 15:24:36 [info] : Server đang chạy tại http://localhost:3000
2025-12-12 15:24:36 [info] : MySQL connected successfully
2025-12-12 15:24:37 [info] : Server đang chạy tại http://localhost:3000
2025-12-12 15:24:37 [info] : MySQL connected successfully
2025-12-12 15:24:41 [info] : Server đang chạy tại http://localhost:3000
2025-12-12 15:24:41 [info] : MySQL connected successfully
2025-12-12 15:24:43 [info] : Server đang chạy tại http://localhost:3000
2025-12-12 15:24:43 [info] : MySQL connected successfully
2025-12-12 15:24:47 [info] : Server đang chạy tại http://localhost:3000
2025-12-12 15:24:47 [info] : MySQL connected successfully
2025-12-12 15:24:49 [info] : Server đang chạy tại http://localhost:3000
2025-12-12 15:24:49 [info] : MySQL connected successfully
2025-12-12 15:24:50 [info] : Server đang chạy tại http://localhost:3000
2025-12-12 15:24:50 [info] : MySQL connected successfully
2025-12-12 15:24:54 [info] : Server đang chạy tại http://localhost:3000
2025-12-12 15:24:54 [info] : MySQL connected successfully
2025-12-12 15:24:59 [info] : Server đang chạy tại http://localhost:3000
2025-12-12 15:24:59 [info] : MySQL connected successfully
2025-12-12 15:25:01 [info] : Server đang chạy tại http://localhost:3000
2025-12-12 15:25:01 [info] : MySQL connected successfully
2025-12-12 15:25:03 [info] : Server đang chạy tại http://localhost:3000
2025-12-12 15:25:03 [info] : MySQL connected successfully
2025-12-12 15:25:04 [info] : Server đang chạy tại http://localhost:3000
2025-12-12 15:25:04 [info] : MySQL connected successfully
2025-12-12 15:25:13 [info] : Server đang chạy tại http://localhost:3000
2025-12-12 15:25:14 [info] : MySQL connected successfully
2025-12-12 15:25:16 [info] : Server đang chạy tại http://localhost:3000
2025-12-12 15:25:16 [info] : MySQL connected successfully
2025-12-12 15:25:19 [info] : Server đang chạy tại http://localhost:3000
2025-12-12 15:25:19 [info] : MySQL connected successfully
2025-12-12 15:25:20 [info] : Server đang chạy tại http://localhost:3000
2025-12-12 15:25:20 [info] : MySQL connected successfully
2025-12-12 15:25:21 [info] : Server đang chạy tại http://localhost:3000
2025-12-12 15:25:21 [info] : MySQL connected successfully
2025-12-12 15:25:25 [info] : Server đang chạy tại http://localhost:3000
2025-12-12 15:25:25 [info] : MySQL connected successfully
2025-12-12 15:25:27 [info] : Server đang chạy tại http://localhost:3000
2025-12-12 15:25:27 [info] : MySQL connected successfully
2025-12-12 15:25:30 [info] : Server đang chạy tại http://localhost:3000
2025-12-12 15:25:30 [info] : MySQL connected successfully
2025-12-12 15:25:33 [info] : Server đang chạy tại http://localhost:3000
2025-12-12 15:25:33 [info] : MySQL connected successfully
2025-12-12 15:25:41 [info] : Server đang chạy tại http://localhost:3000
2025-12-12 15:25:41 [info] : MySQL connected successfully
2025-12-12 15:25:51 [info] : Server đang chạy tại http://localhost:3000
2025-12-12 15:25:51 [info] : MySQL connected successfully
2025-12-12 15:26:58 [info] : Server đang chạy tại http://localhost:3000
2025-12-12 15:26:58 [info] : MySQL connected successfully
2025-12-12 15:27:02 [info] : Server đang chạy tại http://localhost:3000
2025-12-12 15:27:02 [info] : MySQL connected successfully
2025-12-12 15:27:11 [info] : Server đang chạy tại http://localhost:3000
2025-12-12 15:27:11 [info] : MySQL connected successfully
2025-12-12 15:27:20 [info] : Server đang chạy tại http://localhost:3000
2025-12-12 15:27:20 [info] : MySQL connected successfully
2025-12-12 15:27:22 [info] : Server đang chạy tại http://localhost:3000
2025-12-12 15:27:22 [info] : MySQL connected successfully
2025-12-12 15:27:23 [info] : Server đang chạy tại http://localhost:3000
2025-12-12 15:27:23 [info] : MySQL connected successfully
2025-12-12 15:28:07 [info] : Server đang chạy tại http://localhost:3000
2025-12-12 15:28:07 [info] : MySQL connected successfully
2025-12-12 15:28:08 [info] : Server đang chạy tại http://localhost:3000
2025-12-12 15:28:08 [info] : MySQL connected successfully
2025-12-12 15:28:21 [info] : Server đang chạy tại http://localhost:3000
2025-12-12 15:28:21 [info] : MySQL connected successfully
2025-12-12 15:28:34 [info] : Server đang chạy tại http://localhost:3000
2025-12-12 15:28:34 [info] : MySQL connected successfully
2025-12-12 15:28:46 [info] : Server đang chạy tại http://localhost:3000
2025-12-12 15:28:46 [info] : MySQL connected successfully
2025-12-12 15:28:47 [info] : Server đang chạy tại http://localhost:3000
2025-12-12 15:28:47 [info] : MySQL connected successfully
2025-12-12 15:28:51 [info] : Server đang chạy tại http://localhost:3000
2025-12-12 15:28:51 [info] : MySQL connected successfully
2025-12-12 15:28:52 [info] : Server đang chạy tại http://localhost:3000
2025-12-12 15:28:52 [info] : MySQL connected successfully
2025-12-12 15:28:56 [info] : Server đang chạy tại http://localhost:3000
2025-12-12 15:28:56 [info] : MySQL connected successfully
2025-12-12 15:28:57 [info] : Server đang chạy tại http://localhost:3000
2025-12-12 15:28:57 [info] : MySQL connected successfully
2025-12-12 15:28:58 [info] : Server đang chạy tại http://localhost:3000
2025-12-12 15:28:58 [info] : MySQL connected successfully
2025-12-12 15:29:02 [info] : Server đang chạy tại http://localhost:3000
2025-12-12 15:29:02 [info] : MySQL connected successfully
2025-12-12 15:29:06 [info] : Server đang chạy tại http://localhost:3000
2025-12-12 15:29:06 [info] : MySQL connected successfully
2025-12-12 15:29:09 [info] : Server đang chạy tại http://localhost:3000
2025-12-12 15:29:09 [info] : MySQL connected successfully
2025-12-12 15:29:10 [info] : Server đang chạy tại http://localhost:3000
2025-12-12 15:29:10 [info] : MySQL connected successfully
2025-12-12 15:29:13 [info] : Server đang chạy tại http://localhost:3000
2025-12-12 15:29:13 [info] : MySQL connected successfully
2025-12-12 15:29:17 [info] : Server đang chạy tại http://localhost:3000
2025-12-12 15:29:17 [info] : MySQL connected successfully
2025-12-12 15:29:20 [info] : Server đang chạy tại http://localhost:3000
2025-12-12 15:29:20 [info] : MySQL connected successfully
2025-12-12 15:29:25 [info] : Server đang chạy tại http://localhost:3000
2025-12-12 15:29:25 [info] : MySQL connected successfully
2025-12-12 15:29:26 [info] : Server đang chạy tại http://localhost:3000
2025-12-12 15:29:26 [info] : MySQL connected successfully
2025-12-12 15:29:29 [info] : Server đang chạy tại http://localhost:3000
2025-12-12 15:29:29 [info] : MySQL connected successfully
2025-12-12 15:29:33 [info] : Server đang chạy tại http://localhost:3000
2025-12-12 15:29:33 [info] : MySQL connected successfully
2025-12-12 15:29:35 [info] : Server đang chạy tại http://localhost:3000
2025-12-12 15:29:35 [info] : MySQL connected successfully
2025-12-12 15:29:47 [info] : Server đang chạy tại http://localhost:3000
2025-12-12 15:29:47 [info] : MySQL connected successfully
2025-12-12 15:29:49 [info] : Server đang chạy tại http://localhost:3000
2025-12-12 15:29:49 [info] : MySQL connected successfully
2025-12-12 15:29:52 [info] : Server đang chạy tại http://localhost:3000
2025-12-12 15:29:53 [info] : MySQL connected successfully
2025-12-12 15:29:57 [info] : Server đang chạy tại http://localhost:3000
2025-12-12 15:29:57 [info] : MySQL connected successfully
2025-12-12 15:30:01 [info] : Server đang chạy tại http://localhost:3000
2025-12-12 15:30:01 [info] : MySQL connected successfully
2025-12-12 15:30:03 [info] : Server đang chạy tại http://localhost:3000
2025-12-12 15:30:03 [info] : MySQL connected successfully
2025-12-12 15:30:04 [info] : Server đang chạy tại http://localhost:3000
2025-12-12 15:30:04 [info] : MySQL connected successfully
2025-12-12 15:30:07 [info] : Server đang chạy tại http://localhost:3000
2025-12-12 15:30:07 [info] : MySQL connected successfully
2025-12-12 15:30:13 [info] : Server đang chạy tại http://localhost:3000
2025-12-12 15:30:13 [info] : MySQL connected successfully
2025-12-12 15:30:17 [info] : Server đang chạy tại http://localhost:3000
2025-12-12 15:30:17 [info] : MySQL connected successfully
2025-12-12 15:30:19 [info] : Server đang chạy tại http://localhost:3000
2025-12-12 15:30:19 [info] : MySQL connected successfully
2025-12-12 15:30:23 [info] : Server đang chạy tại http://localhost:3000
2025-12-12 15:30:23 [info] : MySQL connected successfully
2025-12-12 15:30:25 [info] : Server đang chạy tại http://localhost:3000
2025-12-12 15:30:25 [info] : MySQL connected successfully
2025-12-12 15:30:29 [info] : Server đang chạy tại http://localhost:3000
2025-12-12 15:30:29 [info] : MySQL connected successfully
2025-12-12 15:33:15 [info] : Server đang chạy tại http://localhost:3000
2025-12-12 15:33:15 [info] : MySQL connected successfully
2025-12-12 15:33:17 [info] : Server đang chạy tại http://localhost:3000
2025-12-12 15:33:17 [info] : MySQL connected successfully
2025-12-12 15:33:20 [info] : Server đang chạy tại http://localhost:3000
2025-12-12 15:33:20 [info] : MySQL connected successfully
2025-12-12 15:33:22 [info] : Server đang chạy tại http://localhost:3000
2025-12-12 15:33:22 [info] : MySQL connected successfully
2025-12-12 15:33:26 [info] : Server đang chạy tại http://localhost:3000
2025-12-12 15:33:26 [info] : MySQL connected successfully
2025-12-12 15:33:28 [info] : Server đang chạy tại http://localhost:3000
2025-12-12 15:33:28 [info] : MySQL connected successfully
2025-12-12 15:33:31 [info] : Server đang chạy tại http://localhost:3000
2025-12-12 15:33:31 [info] : MySQL connected successfully
2025-12-12 15:33:55 [info] : Server đang chạy tại http://localhost:3000
2025-12-12 15:33:55 [info] : MySQL connected successfully
2025-12-12 15:33:58 [info] : Server đang chạy tại http://localhost:3000
2025-12-12 15:33:58 [info] : MySQL connected successfully
2025-12-12 15:34:00 [info] : Server đang chạy tại http://localhost:3000
2025-12-12 15:34:00 [info] : MySQL connected successfully
2025-12-12 15:34:23 [info] : Server đang chạy tại http://localhost:3000
2025-12-12 15:34:23 [info] : MySQL connected successfully
2025-12-12 15:34:58 [info] : Server đang chạy tại http://localhost:3000
2025-12-12 15:34:58 [info] : MySQL connected successfully
2025-12-12 15:34:59 [info] : Server đang chạy tại http://localhost:3000
2025-12-12 15:34:59 [info] : MySQL connected successfully
2025-12-12 15:35:01 [info] : Server đang chạy tại http://localhost:3000
2025-12-12 15:35:02 [info] : MySQL connected successfully
2025-12-12 15:35:03 [info] : Server đang chạy tại http://localhost:3000
2025-12-12 15:35:03 [info] : MySQL connected successfully
2025-12-12 15:35:04 [info] : Server đang chạy tại http://localhost:3000
2025-12-12 15:35:04 [info] : MySQL connected successfully
2025-12-12 15:35:09 [info] : Server đang chạy tại http://localhost:3000
2025-12-12 15:35:09 [info] : MySQL connected successfully
2025-12-12 15:35:10 [info] : Server đang chạy tại http://localhost:3000
2025-12-12 15:35:10 [info] : MySQL connected successfully
2025-12-12 15:35:15 [info] : Server đang chạy tại http://localhost:3000
2025-12-12 15:35:15 [info] : MySQL connected successfully
2025-12-12 15:35:17 [info] : Server đang chạy tại http://localhost:3000
2025-12-12 15:35:17 [info] : MySQL connected successfully
2025-12-12 15:35:18 [info] : Server đang chạy tại http://localhost:3000
2025-12-12 15:35:18 [info] : MySQL connected successfully
2025-12-12 15:35:22 [info] : Server đang chạy tại http://localhost:3000
2025-12-12 15:35:22 [info] : MySQL connected successfully
2025-12-12 15:35:29 [info] : Server đang chạy tại http://localhost:3000
2025-12-12 15:35:29 [info] : MySQL connected successfully
2025-12-12 15:35:32 [info] : Server đang chạy tại http://localhost:3000
2025-12-12 15:35:32 [info] : MySQL connected successfully
2025-12-12 15:36:49 [info] : Server đang chạy tại http://localhost:3000
2025-12-12 15:36:49 [info] : MySQL connected successfully
2025-12-12 15:38:15 [info] : Server đang chạy tại http://localhost:3000
2025-12-12 15:38:15 [info] : MySQL connected successfully
2025-12-12 15:38:19 [info] : Server đang chạy tại http://localhost:3000
2025-12-12 15:38:19 [info] : MySQL connected successfully
2025-12-12 15:40:44 [info] : Server đang chạy tại http://localhost:3000
2025-12-12 15:40:44 [info] : MySQL connected successfully
2025-12-12 15:44:53 [info] : MySQL connected successfully
2025-12-12 15:45:06 [info] : MySQL connected successfully
2025-12-12 15:45:10 [info] : MySQL connected successfully
2025-12-12 15:45:12 [info] : MySQL connected successfully
2025-12-12 15:45:15 [info] : MySQL connected successfully
2025-12-12 15:45:33 [info] : MySQL connected successfully
2025-12-12 16:09:43 [info] : Server đang chạy tại http://localhost:3000
2025-12-12 16:09:43 [info] : MySQL connected successfully
2025-12-12 16:11:39 [info] : Lấy tất cả films
2025-12-12 16:11:39 [info] : Dịch vụ: Lấy tất cả films
2025-12-12 16:11:39 [error] : ReferenceError: fils is not defined
    at getAllFilms_Controller (file:///E:/webAPI/BTLAPI/Sources/Controllers/Films_Controller.js:13:28)
    at process.processTicksAndRejections (node:internal/process/task_queues:105:5)
2025-12-12 16:12:43 [info] : Server đang chạy tại http://localhost:3000
2025-12-12 16:12:43 [info] : MySQL connected successfully
2025-12-12 16:12:45 [info] : Server đang chạy tại http://localhost:3000
2025-12-12 16:12:45 [info] : MySQL connected successfully
2025-12-12 16:12:47 [info] : Server đang chạy tại http://localhost:3000
2025-12-12 16:12:47 [info] : MySQL connected successfully
2025-12-12 16:12:50 [info] : Lấy tất cả films
2025-12-12 16:12:50 [info] : Dịch vụ: Lấy tất cả films
