2025-12-31 14:20:34 [info] : MySQL connected successfully
2025-12-31 14:21:14 [info] : Server đang chạy tại http://localhost:3000
2025-12-31 14:21:15 [info] : MySQL connected successfully
2025-12-31 14:21:28 [info] : Lấy tất cả films
2025-12-31 14:21:28 [info] : Dịch vụ: Lấy tất cả films
2025-12-31 14:21:31 [info] : Lấy film với MaPhim: 1
2025-12-31 14:21:31 [info] : Dịch vụ: Lấy film với MaPhim: 1
2025-12-31 14:25:46 [info] : Server đang chạy tại http://localhost:3000
2025-12-31 14:25:46 [info] : MySQL connected successfully
2025-12-31 14:25:49 [info] : Server đang chạy tại http://localhost:3000
2025-12-31 14:25:49 [info] : MySQL connected successfully
2025-12-31 14:25:52 [info] : Server đang chạy tại http://localhost:3000
2025-12-31 14:25:52 [info] : MySQL connected successfully
2025-12-31 14:25:55 [info] : Server đang chạy tại http://localhost:3000
2025-12-31 14:25:55 [info] : MySQL connected successfully
2025-12-31 14:25:56 [info] : Server đang chạy tại http://localhost:3000
2025-12-31 14:25:56 [info] : MySQL connected successfully
2025-12-31 14:25:58 [info] : Server đang chạy tại http://localhost:3000
2025-12-31 14:25:58 [info] : MySQL connected successfully
2025-12-31 14:26:18 [info] : Server đang chạy tại http://localhost:3000
2025-12-31 14:26:18 [info] : MySQL connected successfully
2025-12-31 14:26:26 [info] : Server đang chạy tại http://localhost:3000
2025-12-31 14:26:26 [info] : MySQL connected successfully
2025-12-31 14:26:29 [info] : Server đang chạy tại http://localhost:3000
2025-12-31 14:26:29 [info] : MySQL connected successfully
2025-12-31 14:26:30 [info] : Server đang chạy tại http://localhost:3000
2025-12-31 14:26:30 [info] : MySQL connected successfully
2025-12-31 14:26:35 [info] : Server đang chạy tại http://localhost:3000
2025-12-31 14:26:35 [info] : MySQL connected successfully
2025-12-31 14:27:04 [info] : Server đang chạy tại http://localhost:3000
2025-12-31 14:27:04 [info] : MySQL connected successfully
2025-12-31 14:27:11 [info] : Server đang chạy tại http://localhost:3000
2025-12-31 14:27:11 [info] : MySQL connected successfully
2025-12-31 14:27:22 [info] : Server đang chạy tại http://localhost:3000
2025-12-31 14:27:22 [info] : MySQL connected successfully
2025-12-31 14:27:23 [info] : Server đang chạy tại http://localhost:3000
2025-12-31 14:27:23 [info] : MySQL connected successfully
2025-12-31 14:27:24 [info] : Server đang chạy tại http://localhost:3000
2025-12-31 14:27:24 [info] : MySQL connected successfully
2025-12-31 14:27:33 [info] : Server đang chạy tại http://localhost:3000
2025-12-31 14:27:33 [info] : MySQL connected successfully
2025-12-31 14:27:35 [info] : Server đang chạy tại http://localhost:3000
2025-12-31 14:27:35 [info] : MySQL connected successfully
2025-12-31 14:27:37 [info] : Server đang chạy tại http://localhost:3000
2025-12-31 14:27:37 [info] : MySQL connected successfully
2025-12-31 14:27:42 [info] : Server đang chạy tại http://localhost:3000
2025-12-31 14:27:42 [info] : MySQL connected successfully
2025-12-31 14:27:44 [info] : Server đang chạy tại http://localhost:3000
2025-12-31 14:27:44 [info] : MySQL connected successfully
2025-12-31 14:27:48 [info] : Server đang chạy tại http://localhost:3000
2025-12-31 14:27:48 [info] : MySQL connected successfully
2025-12-31 14:27:50 [info] : Server đang chạy tại http://localhost:3000
2025-12-31 14:27:50 [info] : MySQL connected successfully
2025-12-31 14:27:53 [info] : Server đang chạy tại http://localhost:3000
2025-12-31 14:27:53 [info] : MySQL connected successfully
2025-12-31 14:27:56 [info] : Server đang chạy tại http://localhost:3000
2025-12-31 14:27:56 [info] : MySQL connected successfully
2025-12-31 14:27:58 [info] : Server đang chạy tại http://localhost:3000
2025-12-31 14:27:58 [info] : MySQL connected successfully
2025-12-31 14:28:01 [info] : Server đang chạy tại http://localhost:3000
2025-12-31 14:28:01 [info] : MySQL connected successfully
2025-12-31 14:28:04 [info] : Server đang chạy tại http://localhost:3000
2025-12-31 14:28:04 [info] : MySQL connected successfully
2025-12-31 14:28:34 [info] : Server đang chạy tại http://localhost:3000
2025-12-31 14:28:34 [info] : MySQL connected successfully
2025-12-31 14:28:37 [info] : Server đang chạy tại http://localhost:3000
2025-12-31 14:28:37 [info] : MySQL connected successfully
2025-12-31 14:28:41 [info] : Server đang chạy tại http://localhost:3000
2025-12-31 14:28:41 [info] : MySQL connected successfully
2025-12-31 14:28:42 [info] : Server đang chạy tại http://localhost:3000
2025-12-31 14:28:42 [info] : MySQL connected successfully
2025-12-31 14:28:46 [info] : Server đang chạy tại http://localhost:3000
2025-12-31 14:28:46 [info] : MySQL connected successfully
2025-12-31 14:28:55 [info] : Server đang chạy tại http://localhost:3000
2025-12-31 14:28:55 [info] : MySQL connected successfully
2025-12-31 14:28:59 [info] : Server đang chạy tại http://localhost:3000
2025-12-31 14:28:59 [info] : MySQL connected successfully
2025-12-31 14:29:01 [info] : Server đang chạy tại http://localhost:3000
2025-12-31 14:29:01 [info] : MySQL connected successfully
2025-12-31 14:29:05 [info] : Server đang chạy tại http://localhost:3000
2025-12-31 14:29:05 [info] : MySQL connected successfully
2025-12-31 14:29:07 [info] : Server đang chạy tại http://localhost:3000
2025-12-31 14:29:07 [info] : MySQL connected successfully
2025-12-31 14:29:08 [info] : Server đang chạy tại http://localhost:3000
2025-12-31 14:29:08 [info] : MySQL connected successfully
2025-12-31 14:29:11 [info] : Server đang chạy tại http://localhost:3000
2025-12-31 14:29:11 [info] : MySQL connected successfully
2025-12-31 14:30:42 [info] : Server đang chạy tại http://localhost:3000
2025-12-31 14:30:42 [info] : MySQL connected successfully
2025-12-31 14:30:45 [info] : MySQL connected successfully
2025-12-31 14:30:51 [info] : MySQL connected successfully
2025-12-31 14:30:56 [info] : Server đang chạy tại http://localhost:3000
2025-12-31 14:30:56 [info] : MySQL connected successfully
2025-12-31 14:31:22 [info] : MySQL connected successfully
2025-12-31 14:31:24 [info] : Server đang chạy tại http://localhost:3000
2025-12-31 14:31:24 [info] : MySQL connected successfully
2025-12-31 14:32:25 [info] : MySQL connected successfully
2025-12-31 14:32:26 [info] : MySQL connected successfully
2025-12-31 14:32:32 [info] : Server đang chạy tại http://localhost:3000
2025-12-31 14:32:32 [info] : MySQL connected successfully
2025-12-31 14:32:58 [info] : MySQL connected successfully
2025-12-31 14:33:02 [info] : Server đang chạy tại http://localhost:3000
2025-12-31 14:33:02 [info] : MySQL connected successfully
2025-12-31 14:35:26 [info] : MySQL connected successfully
2025-12-31 14:35:29 [info] : Server đang chạy tại http://localhost:3000
2025-12-31 14:35:29 [info] : MySQL connected successfully
2025-12-31 14:35:58 [info] : Server đang chạy tại http://localhost:3000
2025-12-31 14:35:58 [info] : MySQL connected successfully
2025-12-31 14:36:46 [info] : Server đang chạy tại http://localhost:3000
2025-12-31 14:36:46 [info] : MySQL connected successfully
2025-12-31 14:36:49 [info] : Server đang chạy tại http://localhost:3000
2025-12-31 14:36:49 [info] : MySQL connected successfully
